[INFO] 2025-02-05 20:06:48: ุจุฏุฃ ุงูุฒุญู ุจุงุณุชุฎุฏุงู ุงูุงุณุชุฑุงุชูุฌูุฉ: BFS
[INFO] 2025-02-05 20:06:49: ุชูุช ูุนุงูุฌุฉ: https://ust.edu.ye [ุนูู: 0, ุฒูู ุงูุงุณุชุฌุงุจุฉ: 1.48 ุซูุงูู]
[INFO] 2025-02-05 20:06:51: ุฑุงุจุท ุฎุงุฑุฌู ุชู ุงูุชุดุงูู: javascript:;
[INFO] 2025-02-05 20:06:51: ุฑุงุจุท ุฎุงุฑุฌู ุชู ุงูุชุดุงูู: javascript:;
[INFO] 2025-02-05 20:06:51: ุฑุงุจุท ุฎุงุฑุฌู ุชู ุงูุชุดุงูู: javascript:;
[INFO] 2025-02-05 20:06:51: ุฑุงุจุท ุฎุงุฑุฌู ุชู ุงูุชุดุงูู: javascript:;
[INFO] 2025-02-05 20:06:51: ุฑุงุจุท ุฎุงุฑุฌู ุชู ุงูุชุดุงูู: javascript:;
[INFO] 2025-02-05 20:06:51: ุฑุงุจุท ุฎุงุฑุฌู ุชู ุงูุชุดุงูู: javascript:;
[INFO] 2025-02-05 20:06:51: ุฑุงุจุท ุฎุงุฑุฌู ุชู ุงูุชุดุงูู: javascript:;
[INFO] 2025-02-05 20:06:51: ุฑุงุจุท ุฎุงุฑุฌู ุชู ุงูุชุดุงูู: javascript:;
[INFO] 2025-02-05 20:06:51: ุฑุงุจุท ุฎุงุฑุฌู ุชู ุงูุชุดุงูู: javascript:;
[INFO] 2025-02-05 20:06:51: ุฑุงุจุท ุฎุงุฑุฌู ุชู ุงูุชุดุงูู: javascript:;
[INFO] 2025-02-05 20:06:51: ุฑุงุจุท ุฎุงุฑุฌู ุชู ุงูุชุดุงูู: javascript:;
[INFO] 2025-02-05 20:06:51: ุฑุงุจุท ุฎุงุฑุฌู ุชู ุงูุชุดุงูู: javascript:;
[INFO] 2025-02-05 20:06:51: ุฑุงุจุท ุฎุงุฑุฌู ุชู ุงูุชุดุงูู: javascript:;
[INFO] 2025-02-05 20:06:51: ุฑุงุจุท ุฎุงุฑุฌู ุชู ุงูุชุดุงูู: javascript:;
[INFO] 2025-02-05 20:06:51: ุฑุงุจุท ุฎุงุฑุฌู ุชู ุงูุชุดุงูู: javascript:;
[INFO] 2025-02-05 20:06:51: ุฑุงุจุท ุฎุงุฑุฌู ุชู ุงูุชุดุงูู: https://www.eccouncil.org/
[INFO] 2025-02-05 20:06:51: ุฑุงุจุท ุฎุงุฑุฌู ุชู ุงูุชุดุงูู: https://www.addtoany.com/add_to/facebook?linkurl=https%3A%2F%2Fust.edu.ye%2F&linkname=%D8%AC%D8%A7%D9%85%D8%B9%D8%A9%20%D8%A7%D9%84%D8%B9%D9%84%D9%88%D9%85%20%D9%88%D8%A7%D9%84%D8%AA%D9%83%D9%86%D9%88%D9%84%D9%88%D8%AC%D9%8A%D8%A7
[INFO] 2025-02-05 20:06:51: ุฑุงุจุท ุฎุงุฑุฌู ุชู ุงูุชุดุงูู: https://www.addtoany.com/add_to/twitter?linkurl=https%3A%2F%2Fust.edu.ye%2F&linkname=%D8%AC%D8%A7%D9%85%D8%B9%D8%A9%20%D8%A7%D9%84%D8%B9%D9%84%D9%88%D9%85%20%D9%88%D8%A7%D9%84%D8%AA%D9%83%D9%86%D9%88%D9%84%D9%88%D8%AC%D9%8A%D8%A7
[INFO] 2025-02-05 20:06:51: ุฑุงุจุท ุฎุงุฑุฌู ุชู ุงูุชุดุงูู: https://www.addtoany.com/add_to/whatsapp?linkurl=https%3A%2F%2Fust.edu.ye%2F&linkname=%D8%AC%D8%A7%D9%85%D8%B9%D8%A9%20%D8%A7%D9%84%D8%B9%D9%84%D9%88%D9%85%20%D9%88%D8%A7%D9%84%D8%AA%D9%83%D9%86%D9%88%D9%84%D9%88%D8%AC%D9%8A%D8%A7
[INFO] 2025-02-05 20:06:51: ุฑุงุจุท ุฎุงุฑุฌู ุชู ุงูุชุดุงูู: https://www.addtoany.com/add_to/linkedin?linkurl=https%3A%2F%2Fust.edu.ye%2F&linkname=%D8%AC%D8%A7%D9%85%D8%B9%D8%A9%20%D8%A7%D9%84%D8%B9%D9%84%D9%88%D9%85%20%D9%88%D8%A7%D9%84%D8%AA%D9%83%D9%86%D9%88%D9%84%D9%88%D8%AC%D9%8A%D8%A7
[INFO] 2025-02-05 20:06:51: ุฑุงุจุท ุฎุงุฑุฌู ุชู ุงูุชุดุงูู: https://www.addtoany.com/share
[INFO] 2025-02-05 20:06:51: ุฑุงุจุท ุฎุงุฑุฌู ุชู ุงูุชุดุงูู: https://www.facebook.com/www.ust.edu.ye
[INFO] 2025-02-05 20:06:51: ุฑุงุจุท ุฎุงุฑุฌู ุชู ุงูุชุดุงูู: https://twitter.com/usteduy?t=PTrryC1Tj26pvBPxPgD0rg&s=09
[INFO] 2025-02-05 20:06:51: ุฑุงุจุท ุฎุงุฑุฌู ุชู ุงูุชุดุงูู: https://www.instagram.com/usteduy
[INFO] 2025-02-05 20:06:51: ุฑุงุจุท ุฎุงุฑุฌู ุชู ุงูุชุดุงูู: https://t.me/ustyemen1994
[INFO] 2025-02-05 20:06:51: ุฑุงุจุท ุฎุงุฑุฌู ุชู ุงูุชุดุงูู: https://www.youtube.com/channel/UCtu38MILl6O0lvYP27zVt_Q/featured
[ERROR] 2025-02-05 20:06:51: ุฎุทุฃ ุฃุซูุงุก ุฌูุจ https://portal.ust.edu.ye/ (ูุญุงููุฉ 1/3): Cannot connect to host portal.ust.edu.ye:443 ssl:True [SSLCertVerificationError: (1, '[SSL: CERTIFICATE_VERIFY_FAILED] certificate verify failed: unable to get local issuer certificate (_ssl.c:1002)')]
[ERROR] 2025-02-05 20:06:51: ุฎุทุฃ ุฃุซูุงุก ุฌูุจ https://portal.ust.edu.ye/ (ูุญุงููุฉ 1/3): Cannot connect to host portal.ust.edu.ye:443 ssl:True [SSLCertVerificationError: (1, '[SSL: CERTIFICATE_VERIFY_FAILED] certificate verify failed: unable to get local issuer certificate (_ssl.c:1002)')]
[ERROR] 2025-02-05 20:06:51: ุฎุทุฃ ุฃุซูุงุก ุฌูุจ https://portal.ust.edu.ye/ (ูุญุงููุฉ 1/3): Cannot connect to host portal.ust.edu.ye:443 ssl:True [SSLCertVerificationError: (1, '[SSL: CERTIFICATE_VERIFY_FAILED] certificate verify failed: unable to get local issuer certificate (_ssl.c:1002)')]
[INFO] 2025-02-05 20:06:52: ุชูุช ูุนุงูุฌุฉ: https://ust.edu.ye/ [ุนูู: 1, ุฒูู ุงูุงุณุชุฌุงุจุฉ: 0.51 ุซูุงูู]
[INFO] 2025-02-05 20:06:52: ุชูุช ูุนุงูุฌุฉ: https://ust.edu.ye/ [ุนูู: 1, ุฒูู ุงูุงุณุชุฌุงุจุฉ: 1.03 ุซูุงูู]
[INFO] 2025-02-05 20:06:52: ุชูุช ูุนุงูุฌุฉ: https://ust.edu.ye/ [ุนูู: 1, ุฒูู ุงูุงุณุชุฌุงุจุฉ: 1.19 ุซูุงูู]
[INFO] 2025-02-05 20:06:52: ุชูุช ูุนุงูุฌุฉ: https://ust.edu.ye/ [ุนูู: 1, ุฒูู ุงูุงุณุชุฌุงุจุฉ: 1.33 ุซูุงูู]
[INFO] 2025-02-05 20:06:52: ุชูุช ูุนุงูุฌุฉ: https://ust.edu.ye/?post_type=post&p=15201 [ุนูู: 1, ุฒูู ุงูุงุณุชุฌุงุจุฉ: 1.45 ุซูุงูู]
[ERROR] 2025-02-05 20:06:53: ุฎุทุฃ ุฃุซูุงุก ุฌูุจ https://journals.ust.edu.ye/ (ูุญุงููุฉ 1/3): 'utf-8' codec can't decode byte 0x96 in position 10576: invalid start byte
[ERROR] 2025-02-05 20:06:53: ุฎุทุฃ ุฃุซูุงุก ุฌูุจ https://portal.ust.edu.ye/ (ูุญุงููุฉ 2/3): Cannot connect to host portal.ust.edu.ye:443 ssl:True [SSLCertVerificationError: (1, '[SSL: CERTIFICATE_VERIFY_FAILED] certificate verify failed: unable to get local issuer certificate (_ssl.c:1002)')]
[ERROR] 2025-02-05 20:06:53: ุฎุทุฃ ุฃุซูุงุก ุฌูุจ https://portal.ust.edu.ye/ (ูุญุงููุฉ 2/3): Cannot connect to host portal.ust.edu.ye:443 ssl:True [SSLCertVerificationError: (1, '[SSL: CERTIFICATE_VERIFY_FAILED] certificate verify failed: unable to get local issuer certificate (_ssl.c:1002)')]
[ERROR] 2025-02-05 20:06:53: ุฎุทุฃ ุฃุซูุงุก ุฌูุจ https://portal.ust.edu.ye/ (ูุญุงููุฉ 2/3): Cannot connect to host portal.ust.edu.ye:443 ssl:True [SSLCertVerificationError: (1, '[SSL: CERTIFICATE_VERIFY_FAILED] certificate verify failed: unable to get local issuer certificate (_ssl.c:1002)')]
[INFO] 2025-02-05 20:06:53: ุชูุช ูุนุงูุฌุฉ: https://ust.edu.ye/?post_type=post&p=15201 [ุนูู: 1, ุฒูู ุงูุงุณุชุฌุงุจุฉ: 2.25 ุซูุงูู]
[INFO] 2025-02-05 20:06:54: ุชูุช ูุนุงูุฌุฉ: https://ust.edu.ye/?post_type=post&p=15201 [ุนูู: 1, ุฒูู ุงูุงุณุชุฌุงุจุฉ: 1.25 ุซูุงูู]
[ERROR] 2025-02-05 20:06:54: ุฎุทุฃ ุฃุซูุงุก ุฌูุจ https://journals.ust.edu.ye/ (ูุญุงููุฉ 2/3): 'utf-8' codec can't decode byte 0x96 in position 10576: invalid start byte
[INFO] 2025-02-05 20:06:54: ุชูุช ูุนุงูุฌุฉ: https://ust.edu.ye/?post_type=post&p=15297 [ุนูู: 1, ุฒูู ุงูุงุณุชุฌุงุจุฉ: 0.94 ุซูุงูู]
[INFO] 2025-02-05 20:06:54: ุชูุช ูุนุงูุฌุฉ: https://ust.edu.ye/?post_type=post&p=15297 [ุนูู: 1, ุฒูู ุงูุงุณุชุฌุงุจุฉ: 0.73 ุซูุงูู]
[ERROR] 2025-02-05 20:06:55: ุฎุทุฃ ุฃุซูุงุก ุฌูุจ https://portal.ust.edu.ye/ (ูุญุงููุฉ 3/3): Cannot connect to host portal.ust.edu.ye:443 ssl:True [SSLCertVerificationError: (1, '[SSL: CERTIFICATE_VERIFY_FAILED] certificate verify failed: unable to get local issuer certificate (_ssl.c:1002)')]
[ERROR] 2025-02-05 20:06:55: ุฎุทุฃ ุฃุซูุงุก ุฌูุจ https://portal.ust.edu.ye/ (ูุญุงููุฉ 3/3): Cannot connect to host portal.ust.edu.ye:443 ssl:True [SSLCertVerificationError: (1, '[SSL: CERTIFICATE_VERIFY_FAILED] certificate verify failed: unable to get local issuer certificate (_ssl.c:1002)')]
[ERROR] 2025-02-05 20:06:55: ุฎุทุฃ ุฃุซูุงุก ุฌูุจ https://portal.ust.edu.ye/ (ูุญุงููุฉ 3/3): Cannot connect to host portal.ust.edu.ye:443 ssl:True [SSLCertVerificationError: (1, '[SSL: CERTIFICATE_VERIFY_FAILED] certificate verify failed: unable to get local issuer certificate (_ssl.c:1002)')]
[INFO] 2025-02-05 20:06:55: ุชูุช ูุนุงูุฌุฉ: https://ust.edu.ye/?post_type=post&p=15297 [ุนูู: 1, ุฒูู ุงูุงุณุชุฌุงุจุฉ: 1.33 ุซูุงูู]
[INFO] 2025-02-05 20:06:55: ุชูุช ูุนุงูุฌุฉ: https://ust.edu.ye/?post_type=post&p=15297 [ุนูู: 1, ุฒูู ุงูุงุณุชุฌุงุจุฉ: 1.34 ุซูุงูู]
[INFO] 2025-02-05 20:06:56: ุชูุช ูุนุงูุฌุฉ: https://ust.edu.ye/?post_type=post&p=16686 [ุนูู: 1, ุฒูู ุงูุงุณุชุฌุงุจุฉ: 1.27 ุซูุงูู]
[INFO] 2025-02-05 20:06:56: ุชูุช ูุนุงูุฌุฉ: https://ust.edu.ye/?post_type=post&p=16686 [ุนูู: 1, ุฒูู ุงูุงุณุชุฌุงุจุฉ: 1.02 ุซูุงูู]
[ERROR] 2025-02-05 20:06:56: ุฎุทุฃ ุฃุซูุงุก ุฌูุจ https://journals.ust.edu.ye/ (ูุญุงููุฉ 3/3): 'utf-8' codec can't decode byte 0x96 in position 10576: invalid start byte
[INFO] 2025-02-05 20:06:57: ุชูุช ูุนุงูุฌุฉ: https://ust.edu.ye/?post_type=post&p=16686 [ุนูู: 1, ุฒูู ุงูุงุณุชุฌุงุจุฉ: 1.30 ุซูุงูู]
[INFO] 2025-02-05 20:06:57: ุชูุช ูุนุงูุฌุฉ: https://ust.edu.ye/?post_type=post&p=16686 [ุนูู: 1, ุฒูู ุงูุงุณุชุฌุงุจุฉ: 1.50 ุซูุงูู]
[INFO] 2025-02-05 20:06:58: ุชูุช ูุนุงูุฌุฉ: https://ust.edu.ye/?post_type=post&p=17032 [ุนูู: 1, ุฒูู ุงูุงุณุชุฌุงุจุฉ: 1.25 ุซูุงูู]
[INFO] 2025-02-05 20:06:58: ุชูุช ูุนุงูุฌุฉ: https://ust.edu.ye/?post_type=post&p=17032 [ุนูู: 1, ุฒูู ุงูุงุณุชุฌุงุจุฉ: 1.27 ุซูุงูู]
[INFO] 2025-02-05 20:06:59: ุชูุช ูุนุงูุฌุฉ: https://ust.edu.ye/?post_type=post&p=17051 [ุนูู: 1, ุฒูู ุงูุงุณุชุฌุงุจุฉ: 1.19 ุซูุงูู]
[INFO] 2025-02-05 20:06:59: ุชูุช ูุนุงูุฌุฉ: https://ust.edu.ye/?post_type=post&p=17051 [ุนูู: 1, ุฒูู ุงูุงุณุชุฌุงุจุฉ: 1.16 ุซูุงูู]
[INFO] 2025-02-05 20:06:59: ุชูุช ูุนุงูุฌุฉ: https://ust.edu.ye/?post_type=post&p=17062 [ุนูู: 1, ุฒูู ุงูุงุณุชุฌุงุจุฉ: 1.30 ุซูุงูู]
[INFO] 2025-02-05 20:06:59: ุชูุช ูุนุงูุฌุฉ: https://ust.edu.ye/about-ust/ [ุนูู: 1, ุฒูู ุงูุงุณุชุฌุงุจุฉ: 0.61 ุซูุงูู]
[INFO] 2025-02-05 20:07:00: ุชูุช ูุนุงูุฌุฉ: https://ust.edu.ye/about-ust/ [ุนูู: 1, ุฒูู ุงูุงุณุชุฌุงุจุฉ: 0.52 ุซูุงูู]
[INFO] 2025-02-05 20:07:00: ุชูุช ูุนุงูุฌุฉ: https://ust.edu.ye/?post_type=post&p=17062 [ุนูู: 1, ุฒูู ุงูุงุณุชุฌุงุจุฉ: 1.12 ุซูุงูู]
[INFO] 2025-02-05 20:07:00: ุชูุช ูุนุงูุฌุฉ: https://ust.edu.ye/?post_type=post&p=17066 [ุนูู: 1, ุฒูู ุงูุงุณุชุฌุงุจุฉ: 1.16 ุซูุงูู]
[INFO] 2025-02-05 20:07:00: ุชูุช ูุนุงูุฌุฉ: https://ust.edu.ye/?post_type=post&p=17066 [ุนูู: 1, ุฒูู ุงูุงุณุชุฌุงุจุฉ: 1.52 ุซูุงูู]
[INFO] 2025-02-05 20:07:01: ุชูุช ูุนุงูุฌุฉ: https://ust.edu.ye/awards-and-certificates/ [ุนูู: 1, ุฒูู ุงูุงุณุชุฌุงุจุฉ: 0.52 ุซูุงูู]
[INFO] 2025-02-05 20:07:01: ุชูุช ูุนุงูุฌุฉ: https://ust.edu.ye/alumni/ [ุนูู: 1, ุฒูู ุงูุงุณุชุฌุงุจุฉ: 1.16 ุซูุงูู]
[INFO] 2025-02-05 20:07:01: ุชูุช ูุนุงูุฌุฉ: https://ust.edu.ye/acst-thamar [ุนูู: 1, ุฒูู ุงูุงุณุชุฌุงุจุฉ: 1.78 ุซูุงูู]
[INFO] 2025-02-05 20:07:01: ุชูุช ูุนุงูุฌุฉ: https://ust.edu.ye/awards-and-certificates/ [ุนูู: 1, ุฒูู ุงูุงุณุชุฌุงุจุฉ: 1.00 ุซูุงูู]
[INFO] 2025-02-05 20:07:01: ุชูุช ูุนุงูุฌุฉ: https://ust.edu.ye/alumni/ [ุนูู: 1, ุฒูู ุงูุงุณุชุฌุงุจุฉ: 1.42 ุซูุงูู]
[INFO] 2025-02-05 20:07:02: ุชูุช ูุนุงูุฌุฉ: https://ust.edu.ye/calendar/ [ุนูู: 1, ุฒูู ุงูุงุณุชุฌุงุจุฉ: 0.34 ุซูุงูู]
[INFO] 2025-02-05 20:07:02: ุชูุช ูุนุงูุฌุฉ: https://ust.edu.ye/calendar/ [ุนูู: 1, ุฒูู ุงูุงุณุชุฌุงุจุฉ: 0.75 ุซูุงูู]
[INFO] 2025-02-05 20:07:02: ุชูุช ูุนุงูุฌุฉ: https://ust.edu.ye/acst-thamar [ุนูู: 1, ุฒูู ุงูุงุณุชุฌุงุจุฉ: 2.17 ุซูุงูู]
[INFO] 2025-02-05 20:07:03: ุชูุช ูุนุงูุฌุฉ: https://ust.edu.ye/blog/ [ุนูู: 1, ุฒูู ุงูุงุณุชุฌุงุจุฉ: 1.86 ุซูุงูู]
[INFO] 2025-02-05 20:07:03: ุชูุช ูุนุงูุฌุฉ: https://ust.edu.ye/cit/ [ุนูู: 1, ุฒูู ุงูุงุณุชุฌุงุจุฉ: 0.56 ุซูุงูู]
[INFO] 2025-02-05 20:07:04: ุชูุช ูุนุงูุฌุฉ: https://ust.edu.ye/cc [ุนูู: 1, ุฒูู ุงูุงุณุชุฌุงุจุฉ: 2.00 ุซูุงูู]
[INFO] 2025-02-05 20:07:04: ุชูุช ูุนุงูุฌุฉ: https://ust.edu.ye/cc [ุนูู: 1, ุฒูู ุงูุงุณุชุฌุงุจุฉ: 1.88 ุซูุงูู]
[INFO] 2025-02-05 20:07:04: ุชูุช ูุนุงูุฌุฉ: https://ust.edu.ye/cit/ [ุนูู: 1, ุฒูู ุงูุงุณุชุฌุงุจุฉ: 1.12 ุซูุงูู]
[INFO] 2025-02-05 20:07:04: ุชูุช ูุนุงูุฌุฉ: https://ust.edu.ye/cdc [ุนูู: 1, ุฒูู ุงูุงุณุชุฌุงุจุฉ: 1.95 ุซูุงูู]
[INFO] 2025-02-05 20:07:04: ุชูุช ูุนุงูุฌุฉ: https://ust.edu.ye/complaints/ [ุนูู: 1, ุฒูู ุงูุงุณุชุฌุงุจุฉ: 0.36 ุซูุงูู]
[INFO] 2025-02-05 20:07:04: ุชูุช ูุนุงูุฌุฉ: https://ust.edu.ye/cmet [ุนูู: 1, ุฒูู ุงูุงุณุชุฌุงุจุฉ: 1.03 ุซูุงูู]
[INFO] 2025-02-05 20:07:04: ุชูุช ูุนุงูุฌุฉ: https://ust.edu.ye/cdc [ุนูู: 1, ุฒูู ุงูุงุณุชุฌุงุจุฉ: 1.91 ุซูุงูู]
[INFO] 2025-02-05 20:07:05: ุชูุช ูุนุงูุฌุฉ: https://ust.edu.ye/ddqa/ [ุนูู: 1, ุฒูู ุงูุงุณุชุฌุงุจุฉ: 0.80 ุซูุงูู]
[INFO] 2025-02-05 20:07:05: ุชูุช ูุนุงูุฌุฉ: https://ust.edu.ye/cmet [ุนูู: 1, ุฒูู ุงูุงุณุชุฌุงุจุฉ: 2.02 ุซูุงูู]
[INFO] 2025-02-05 20:07:05: ุชูุช ูุนุงูุฌุฉ: https://ust.edu.ye/ddqa/ [ุนูู: 1, ุฒูู ุงูุงุณุชุฌุงุจุฉ: 0.83 ุซูุงูู]
[INFO] 2025-02-05 20:07:05: ุชูุช ูุนุงูุฌุฉ: https://ust.edu.ye/dent/ [ุนูู: 1, ุฒูู ุงูุงุณุชุฌุงุจุฉ: 0.88 ุซูุงูู]
[INFO] 2025-02-05 20:07:06: ุชูุช ูุนุงูุฌุฉ: https://ust.edu.ye/dent/ [ุนูู: 1, ุฒูู ุงูุงุณุชุฌุงุจุฉ: 1.08 ุซูุงูู]
[INFO] 2025-02-05 20:07:06: ุชูุช ูุนุงูุฌุฉ: https://ust.edu.ye/el/ [ุนูู: 1, ุฒูู ุงูุงุณุชุฌุงุจุฉ: 0.94 ุซูุงูู]
[INFO] 2025-02-05 20:07:06: ุชูุช ูุนุงูุฌุฉ: https://ust.edu.ye/en/ [ุนูู: 1, ุฒูู ุงูุงุณุชุฌุงุจุฉ: 0.56 ุซูุงูู]
[INFO] 2025-02-05 20:07:06: ุชูุช ูุนุงูุฌุฉ: https://ust.edu.ye/el/ [ุนูู: 1, ุฒูู ุงูุงุณุชุฌุงุจุฉ: 0.73 ุซูุงูู]
[INFO] 2025-02-05 20:07:06: ุชูุช ูุนุงูุฌุฉ: https://ust.edu.ye/en/ [ุนูู: 1, ุฒูู ุงูุงุณุชุฌุงุจุฉ: 0.56 ุซูุงูู]
[INFO] 2025-02-05 20:07:07: ุชูุช ูุนุงูุฌุฉ: https://ust.edu.ye/event/%d8%aa%d8%af%d8%b4%d9%8a%d9%86-%d8%a7%d9%84%d8%aa%d8%af%d8%b1%d9%8a%d8%a8-%d8%a7%d9%84%d8%b3%d8%b1%d9%8a%d8%b1%d9%8a-%d9%84%d8%b7%d9%84%d8%a8%d8%a9-%d8%a7%d9%84%d8%b5%d9%8a%d8%af%d9%84%d8%a9-%d8%a7/ [ุนูู: 1, ุฒูู ุงูุงุณุชุฌุงุจุฉ: 0.33 ุซูุงูู]
[INFO] 2025-02-05 20:07:07: ุชูุช ูุนุงูุฌุฉ: https://ust.edu.ye/event/%d8%aa%d8%af%d8%b4%d9%8a%d9%86-%d8%a7%d9%84%d8%aa%d8%af%d8%b1%d9%8a%d8%a8-%d8%a7%d9%84%d8%b3%d8%b1%d9%8a%d8%b1%d9%8a-%d9%84%d8%b7%d9%84%d8%a8%d8%a9-%d8%a7%d9%84%d8%b5%d9%8a%d8%af%d9%84%d8%a9-%d8%a7/ [ุนูู: 1, ุฒูู ุงูุงุณุชุฌุงุจุฉ: 0.64 ุซูุงูู]
[INFO] 2025-02-05 20:07:07: ุชูุช ูุนุงูุฌุฉ: https://ust.edu.ye/event/%d8%aa%d8%af%d8%b4%d9%8a%d9%86-%d8%a7%d9%84%d8%aa%d8%af%d8%b1%d9%8a%d8%a8-%d8%a7%d9%84%d8%b3%d8%b1%d9%8a%d8%b1%d9%8a-%d9%84%d8%b7%d9%84%d8%a8%d8%a9-%d8%a7%d9%84%d8%b5%d9%8a%d8%af%d9%84%d8%a9-%d8%a7/ [ุนูู: 1, ุฒูู ุงูุงุณุชุฌุงุจุฉ: 0.28 ุซูุงูู]
[INFO] 2025-02-05 20:07:07: ุชูุช ูุนุงูุฌุฉ: https://ust.edu.ye/event/performance-of-business-organizations-in-light-of-business-intelligence/ [ุนูู: 1, ุฒูู ุงูุงุณุชุฌุงุจุฉ: 0.28 ุซูุงูู]
[INFO] 2025-02-05 20:07:08: ุชูุช ูุนุงูุฌุฉ: https://ust.edu.ye/event/%d9%81%d8%aa%d8%ad-%d8%a7%d9%84%d8%aa%d8%b3%d8%ac%d9%8a%d9%84-%d9%84%d9%84%d8%b9%d8%a7%d9%85-%d8%a7%d9%84%d8%ac%d8%a7%d9%85%d8%b9%d9%8a-1446-2024-2025%d9%85/ [ุนูู: 1, ุฒูู ุงูุงุณุชุฌุงุจุฉ: 0.49 ุซูุงูู]
[INFO] 2025-02-05 20:07:08: ุชูุช ูุนุงูุฌุฉ: https://ust.edu.ye/event/%d9%81%d8%aa%d8%ad-%d8%a7%d9%84%d8%aa%d8%b3%d8%ac%d9%8a%d9%84-%d9%84%d9%84%d8%b9%d8%a7%d9%85-%d8%a7%d9%84%d8%ac%d8%a7%d9%85%d8%b9%d9%8a-1446-2024-2025%d9%85/ [ุนูู: 1, ุฒูู ุงูุงุณุชุฌุงุจุฉ: 0.52 ุซูุงูู]
[INFO] 2025-02-05 20:07:08: ุชูุช ูุนุงูุฌุฉ: https://ust.edu.ye/event/%d9%81%d8%aa%d8%ad-%d8%a7%d9%84%d8%aa%d8%b3%d8%ac%d9%8a%d9%84-%d9%84%d9%84%d8%b9%d8%a7%d9%85-%d8%a7%d9%84%d8%ac%d8%a7%d9%85%d8%b9%d9%8a-1446-2024-2025%d9%85/ [ุนูู: 1, ุฒูู ุงูุงุณุชุฌุงุจุฉ: 0.56 ุซูุงูู]
[INFO] 2025-02-05 20:07:08: ุชูุช ูุนุงูุฌุฉ: https://ust.edu.ye/event/performance-of-business-organizations-in-light-of-business-intelligence/ [ุนูู: 1, ุฒูู ุงูุงุณุชุฌุงุจุฉ: 0.56 ุซูุงูู]
[INFO] 2025-02-05 20:07:08: ุชูุช ูุนุงูุฌุฉ: https://ust.edu.ye/eng [ุนูู: 1, ุฒูู ุงูุงุณุชุฌุงุจุฉ: 1.81 ุซูุงูู]
[INFO] 2025-02-05 20:07:08: ุชูุช ูุนุงูุฌุฉ: https://ust.edu.ye/eng [ุนูู: 1, ุฒูู ุงูุงุณุชุฌุงุจุฉ: 1.99 ุซูุงูู]
[INFO] 2025-02-05 20:07:08: ุชูุช ูุนุงูุฌุฉ: https://ust.edu.ye/event/performance-of-business-organizations-in-light-of-business-intelligence/ [ุนูู: 1, ุฒูู ุงูุงุณุชุฌุงุจุฉ: 1.09 ุซูุงูู]
[INFO] 2025-02-05 20:07:08: ุชูุช ูุนุงูุฌุฉ: https://ust.edu.ye/gstudent-housing/ [ุนูู: 1, ุฒูู ุงูุงุณุชุฌุงุจุฉ: 0.56 ุซูุงูู]
[INFO] 2025-02-05 20:07:08: ุชูุช ูุนุงูุฌุฉ: https://ust.edu.ye/girls/ [ุนูู: 1, ุฒูู ุงูุงุณุชุฌุงุจุฉ: 0.81 ุซูุงูู]
[INFO] 2025-02-05 20:07:09: ุชูุช ูุนุงูุฌุฉ: https://ust.edu.ye/gstudent-housing/ [ุนูู: 1, ุฒูู ุงูุงุณุชุฌุงุจุฉ: 0.50 ุซูุงูู]
[INFO] 2025-02-05 20:07:09: ุชูุช ูุนุงูุฌุฉ: https://ust.edu.ye/girls/ [ุนูู: 1, ุฒูู ุงูุงุณุชุฌุงุจุฉ: 1.70 ุซูุงูู]
[INFO] 2025-02-05 20:07:09: ุชูุช ูุนุงูุฌุฉ: https://ust.edu.ye/has/ [ุนูู: 1, ุฒูู ุงูุงุณุชุฌุงุจุฉ: 0.95 ุซูุงูู]
[INFO] 2025-02-05 20:07:10: ุชูุช ูุนุงูุฌุฉ: https://ust.edu.ye/has/ [ุนูู: 1, ุฒูู ุงูุงุณุชุฌุงุจุฉ: 1.20 ุซูุงูู]
[INFO] 2025-02-05 20:07:10: ุชูุช ูุนุงูุฌุฉ: https://ust.edu.ye/hoda/ [ุนูู: 1, ุฒูู ุงูุงุณุชุฌุงุจุฉ: 1.16 ุซูุงูู]
[INFO] 2025-02-05 20:07:10: ุชูุช ูุนุงูุฌุฉ: https://ust.edu.ye/hoda/ [ุนูู: 1, ุฒูู ุงูุงุณุชุฌุงุจุฉ: 0.80 ุซูุงูู]
[INFO] 2025-02-05 20:07:10: ุชูุช ูุนุงูุฌุฉ: https://ust.edu.ye/hss/ [ุนูู: 1, ุฒูู ุงูุงุณุชุฌุงุจุฉ: 0.76 ุซูุงูู]
[INFO] 2025-02-05 20:07:10: ุชูุช ูุนุงูุฌุฉ: https://ust.edu.ye/hss/ [ุนูู: 1, ุฒูู ุงูุงุณุชุฌุงุจุฉ: 0.84 ุซูุงูู]
[INFO] 2025-02-05 20:07:11: ุชูุช ูุนุงูุฌุฉ: https://ust.edu.ye/ibb/ [ุนูู: 1, ุฒูู ุงูุงุณุชุฌุงุจุฉ: 0.81 ุซูุงูู]
[INFO] 2025-02-05 20:07:11: ุชูุช ูุนุงูุฌุฉ: https://ust.edu.ye/ibb/ [ุนูู: 1, ุฒูู ุงูุงุณุชุฌุงุจุฉ: 1.09 ุซูุงูู]
[INFO] 2025-02-05 20:07:12: ุชูุช ูุนุงูุฌุฉ: https://ust.edu.ye/lib/ [ุนูู: 1, ุฒูู ุงูุงุณุชุฌุงุจุฉ: 0.72 ุซูุงูู]
[INFO] 2025-02-05 20:07:12: ุชูุช ูุนุงูุฌุฉ: https://ust.edu.ye/pgs/ [ุนูู: 1, ุฒูู ุงูุงุณุชุฌุงุจุฉ: 0.83 ุซูุงูู]
[INFO] 2025-02-05 20:07:12: ุชูุช ูุนุงูุฌุฉ: https://ust.edu.ye/pgs/ [ุนูู: 1, ุฒูู ุงูุงุณุชุฌุงุจุฉ: 0.89 ุซูุงูู]
[INFO] 2025-02-05 20:07:12: ุชูุช ูุนุงูุฌุฉ: https://ust.edu.ye/ilc [ุนูู: 1, ุฒูู ุงูุงุณุชุฌุงุจุฉ: 1.86 ุซูุงูู]
[INFO] 2025-02-05 20:07:12: ุชูุช ูุนุงูุฌุฉ: https://ust.edu.ye/ilc [ุนูู: 1, ุฒูู ุงูุงุณุชุฌุงุจุฉ: 1.91 ุซูุงูู]
[INFO] 2025-02-05 20:07:13: ุชูุช ูุนุงูุฌุฉ: https://ust.edu.ye/med [ุนูู: 1, ุฒูู ุงูุงุณุชุฌุงุจุฉ: 1.88 ุซูุงูู]
[INFO] 2025-02-05 20:07:13: ุชูุช ูุนุงูุฌุฉ: https://ust.edu.ye/med [ุนูู: 1, ุฒูู ุงูุงุณุชุฌุงุจุฉ: 1.91 ุซูุงูู]
[INFO] 2025-02-05 20:07:13: ุชูุช ูุนุงูุฌุฉ: https://ust.edu.ye/rectors-speech/ [ุนูู: 1, ุฒูู ุงูุงุณุชุฌุงุจุฉ: 0.62 ุซูุงูู]
[INFO] 2025-02-05 20:07:13: ุชูุช ูุนุงูุฌุฉ: https://ust.edu.ye/rectors-speech/ [ุนูู: 1, ุฒูู ุงูุงุณุชุฌุงุจุฉ: 0.62 ุซูุงูู]
[INFO] 2025-02-05 20:07:13: ุชูุช ูุนุงูุฌุฉ: https://ust.edu.ye/pharm [ุนูู: 1, ุฒูู ุงูุงุณุชุฌุงุจุฉ: 1.88 ุซูุงูู]
[INFO] 2025-02-05 20:07:14: ุชูุช ูุนุงูุฌุฉ: https://ust.edu.ye/pharm [ุนูู: 1, ุฒูู ุงูุงุณุชุฌุงุจุฉ: 1.86 ุซูุงูู]
[INFO] 2025-02-05 20:07:14: ุชูุช ูุนุงูุฌุฉ: https://ust.edu.ye/registration/ [ุนูู: 1, ุฒูู ุงูุงุณุชุฌุงุจุฉ: 0.58 ุซูุงูู]
[INFO] 2025-02-05 20:07:14: ุชูุช ูุนุงูุฌุฉ: https://ust.edu.ye/registration/ [ุนูู: 1, ุฒูู ุงูุงุณุชุฌุงุจุฉ: 0.61 ุซูุงูู]
[INFO] 2025-02-05 20:07:14: ุชูุช ูุนุงูุฌุฉ: https://ust.edu.ye/regulations/ [ุนูู: 1, ุฒูู ุงูุงุณุชุฌุงุจุฉ: 0.50 ุซูุงูู]
[INFO] 2025-02-05 20:07:14: ุชูุช ูุนุงูุฌุฉ: https://ust.edu.ye/regulations/ [ุนูู: 1, ุฒูู ุงูุงุณุชุฌุงุจุฉ: 0.58 ุซูุงูู]
[INFO] 2025-02-05 20:07:15: ุชูุช ูุนุงูุฌุฉ: https://ust.edu.ye/service/ar-med/ [ุนูู: 1, ุฒูู ุงูุงุณุชุฌุงุจุฉ: 0.59 ุซูุงูู]
[INFO] 2025-02-05 20:07:15: ุชูุช ูุนุงูุฌุฉ: https://ust.edu.ye/service/ar-med/ [ุนูู: 1, ุฒูู ุงูุงุณุชุฌุงุจุฉ: 0.59 ุซูุงูู]
[INFO] 2025-02-05 20:07:15: ุชูุช ูุนุงูุฌุฉ: https://ust.edu.ye/service/cit/ [ุนูู: 1, ุฒูู ุงูุงุณุชุฌุงุจุฉ: 0.56 ุซูุงูู]
[INFO] 2025-02-05 20:07:15: ุชูุช ูุนุงูุฌุฉ: https://ust.edu.ye/service/cit/ [ุนูู: 1, ุฒูู ุงูุงุณุชุฌุงุจุฉ: 0.64 ุซูุงูู]
[INFO] 2025-02-05 20:07:15: ุชูุช ูุนุงูุฌุฉ: https://ust.edu.ye/service/dent/ [ุนูู: 1, ุฒูู ุงูุงุณุชุฌุงุจุฉ: 0.53 ุซูุงูู]
[INFO] 2025-02-05 20:07:15: ุชูุช ูุนุงูุฌุฉ: https://ust.edu.ye/service/dent/ [ุนูู: 1, ุฒูู ุงูุงุณุชุฌุงุจุฉ: 0.59 ุซูุงูู]
[INFO] 2025-02-05 20:07:16: ุชูุช ูุนุงูุฌุฉ: https://ust.edu.ye/service/elearn/ [ุนูู: 1, ุฒูู ุงูุงุณุชุฌุงุจุฉ: 0.58 ุซูุงูู]
[INFO] 2025-02-05 20:07:16: ุชูุช ูุนุงูุฌุฉ: https://ust.edu.ye/service/elearn/ [ุนูู: 1, ุฒูู ุงูุงุณุชุฌุงุจุฉ: 0.50 ุซูุงูู]
[INFO] 2025-02-05 20:07:16: ุชูุช ูุนุงูุฌุฉ: https://ust.edu.ye/service/eng/ [ุนูู: 1, ุฒูู ุงูุงุณุชุฌุงุจุฉ: 0.56 ุซูุงูู]
[INFO] 2025-02-05 20:07:16: ุชูุช ูุนุงูุฌุฉ: https://ust.edu.ye/service/has/ [ุนูู: 1, ุฒูู ุงูุงุณุชุฌุงุจุฉ: 0.52 ุซูุงูู]
[INFO] 2025-02-05 20:07:16: ุชูุช ูุนุงูุฌุฉ: https://ust.edu.ye/service/eng/ [ุนูู: 1, ุฒูู ุงูุงุณุชุฌุงุจุฉ: 0.58 ุซูุงูู]
[INFO] 2025-02-05 20:07:16: ุชูุช ูุนุงูุฌุฉ: https://ust.edu.ye/service/has/ [ุนูู: 1, ุฒูู ุงูุงุณุชุฌุงุจุฉ: 0.62 ุซูุงูู]
[INFO] 2025-02-05 20:07:16: ุชูุช ูุนุงูุฌุฉ: https://ust.edu.ye/service/hss/ [ุนูู: 1, ุฒูู ุงูุงุณุชุฌุงุจุฉ: 0.64 ุซูุงูู]
[INFO] 2025-02-05 20:07:16: ุชูุช ูุนุงูุฌุฉ: https://ust.edu.ye/service/hss/ [ุนูู: 1, ุฒูู ุงูุงุณุชุฌุงุจุฉ: 0.53 ุซูุงูู]
[INFO] 2025-02-05 20:07:17: ุชูุช ูุนุงูุฌุฉ: https://ust.edu.ye/service/pgs/ [ุนูู: 1, ุฒูู ุงูุงุณุชุฌุงุจุฉ: 0.58 ุซูุงูู]
[INFO] 2025-02-05 20:07:17: ุชูุช ูุนุงูุฌุฉ: https://ust.edu.ye/service/pgs/ [ุนูู: 1, ุฒูู ุงูุงุณุชุฌุงุจุฉ: 0.53 ุซูุงูู]
[INFO] 2025-02-05 20:07:17: ุชูุช ูุนุงูุฌุฉ: https://ust.edu.ye/service/pharm/ [ุนูู: 1, ุฒูู ุงูุงุณุชุฌุงุจุฉ: 0.61 ุซูุงูู]
[INFO] 2025-02-05 20:07:17: ุชูุช ูุนุงูุฌุฉ: https://ust.edu.ye/service/pharm/ [ุนูู: 1, ุฒูู ุงูุงุณุชุฌุงุจุฉ: 0.69 ุซูุงูู]
[INFO] 2025-02-05 20:07:17: ุชูุช ูุนุงูุฌุฉ: https://ust.edu.ye/student-housing/ [ุนูู: 1, ุฒูู ุงูุงุณุชุฌุงุจุฉ: 0.70 ุซูุงูู]
[INFO] 2025-02-05 20:07:17: ุชูุช ูุนุงูุฌุฉ: https://ust.edu.ye/student-housing/ [ุนูู: 1, ุฒูู ุงูุงุณุชุฌุงุจุฉ: 0.56 ุซูุงูู]
[INFO] 2025-02-05 20:07:18: ุชูุช ูุนุงูุฌุฉ: https://ust.edu.ye/taiz/ [ุนูู: 1, ุฒูู ุงูุงุณุชุฌุงุจุฉ: 0.91 ุซูุงูู]
[INFO] 2025-02-05 20:07:19: ุชูุช ูุนุงูุฌุฉ: https://ust.edu.ye/taiz/ [ุนูู: 1, ุฒูู ุงูุงุณุชุฌุงุจุฉ: 1.25 ุซูุงูู]
[INFO] 2025-02-05 20:07:20: ุชู ุชุตุฏูุฑ ุงููุชุงุฆุฌ ุจูุฌุงุญ ุฅูู results.csv ู results.json
[INFO] 2025-02-05 20:07:20: ุงูุชูู ุงูุฒุญู. ุชูุช ุฒูุงุฑุฉ 53 ุฑุงุจุท.
[INFO] 2025-02-08 22:56:14: ุจุฏุฃ ุงูุฒุญู ุจุงุณุชุฎุฏุงู ุงูุงุณุชุฑุงุชูุฌูุฉ: BFS
[INFO] 2025-02-08 22:56:15: ุชู ุชุตุฏูุฑ ุงููุชุงุฆุฌ ุจูุฌุงุญ ุฅูู results.csv ู results.json
[INFO] 2025-02-08 22:56:15: ุงูุชูู ุงูุฒุญู. ุชูุช ุฒูุงุฑุฉ 53 ุฑุงุจุท.
[INFO] 2025-02-08 22:59:26: ุจุฏุฃ ุงูุฒุญู ุจุงุณุชุฎุฏุงู ุงูุงุณุชุฑุงุชูุฌูุฉ: BFS
[INFO] 2025-02-08 22:59:37: ุชูุช ูุนุงูุฌุฉ: https://tools.keycdn.com [ุนูู: 0, ุฒูู ุงูุงุณุชุฌุงุจุฉ: 11.23 ุซูุงูู]
[INFO] 2025-02-08 22:59:39: ุฑุงุจุท ุฎุงุฑุฌู ุชู ุงูุชุดุงูู: https://www.keycdn.com
[INFO] 2025-02-08 22:59:39: ุฑุงุจุท ุฎุงุฑุฌู ุชู ุงูุชุดุงูู: https://www.keycdn.com/features
[INFO] 2025-02-08 22:59:39: ุฑุงุจุท ุฎุงุฑุฌู ุชู ุงูุชุดุงูู: https://www.keycdn.com/cdn-services
[INFO] 2025-02-08 22:59:39: ุฑุงุจุท ุฎุงุฑุฌู ุชู ุงูุชุดุงูู: https://www.keycdn.com/image-processing
[INFO] 2025-02-08 22:59:39: ุฑุงุจุท ุฎุงุฑุฌู ุชู ุงูุชุดุงูู: https://www.keycdn.com/video-cdn
[INFO] 2025-02-08 22:59:39: ุฑุงุจุท ุฎุงุฑุฌู ุชู ุงูุชุดุงูู: https://www.keycdn.com/cdn-storage
[INFO] 2025-02-08 22:59:39: ุฑุงุจุท ุฎุงุฑุฌู ุชู ุงูุชุดุงูู: https://www.keycdn.com/network
[INFO] 2025-02-08 22:59:39: ุฑุงุจุท ุฎุงุฑุฌู ุชู ุงูุชุดุงูู: https://www.keycdn.com/pricing
[INFO] 2025-02-08 22:59:39: ุฑุงุจุท ุฎุงุฑุฌู ุชู ุงูุชุดุงูู: https://www.keycdn.com/support
[INFO] 2025-02-08 22:59:39: ุฑุงุจุท ุฎุงุฑุฌู ุชู ุงูุชุดุงูู: https://app.keycdn.com/login
[INFO] 2025-02-08 22:59:39: ุฑุงุจุท ุฎุงุฑุฌู ุชู ุงูุชุดุงูู: https://app.keycdn.com/signup
[INFO] 2025-02-08 22:59:39: ุฑุงุจุท ุฎุงุฑุฌู ุชู ุงูุชุดุงูู: https://app.keycdn.com/signup
[INFO] 2025-02-08 22:59:39: ุฑุงุจุท ุฎุงุฑุฌู ุชู ุงูุชุดุงูู: https://app.keycdn.com/signup
[INFO] 2025-02-08 22:59:39: ุฑุงุจุท ุฎุงุฑุฌู ุชู ุงูุชุดุงูู: https://www.keycdn.com/pricing
[INFO] 2025-02-08 22:59:39: ุฑุงุจุท ุฎุงุฑุฌู ุชู ุงูุชุดุงูู: https://www.keycdn.com/features
[INFO] 2025-02-08 22:59:39: ุฑุงุจุท ุฎุงุฑุฌู ุชู ุงูุชุดุงูู: https://www.keycdn.com/network
[INFO] 2025-02-08 22:59:39: ุฑุงุจุท ุฎุงุฑุฌู ุชู ุงูุชุดุงูู: https://www.keycdn.com/pricing
[INFO] 2025-02-08 22:59:39: ุฑุงุจุท ุฎุงุฑุฌู ุชู ุงูุชุดุงูู: https://www.keycdn.com/api
[INFO] 2025-02-08 22:59:39: ุฑุงุจุท ุฎุงุฑุฌู ุชู ุงูุชุดุงูู: https://www.keycdn.com/about
[INFO] 2025-02-08 22:59:39: ุฑุงุจุท ุฎุงุฑุฌู ุชู ุงูุชุดุงูู: https://www.keycdn.com/blog
[INFO] 2025-02-08 22:59:39: ุฑุงุจุท ุฎุงุฑุฌู ุชู ุงูุชุดุงูู: https://www.keycdn.com/contact
[INFO] 2025-02-08 22:59:39: ุฑุงุจุท ุฎุงุฑุฌู ุชู ุงูุชุดุงูู: https://www.keycdn.com/referral-program
[INFO] 2025-02-08 22:59:39: ุฑุงุจุท ุฎุงุฑุฌู ุชู ุงูุชุดุงูู: https://www.keycdn.com/careers
[INFO] 2025-02-08 22:59:39: ุฑุงุจุท ุฎุงุฑุฌู ุชู ุงูุชุดุงูู: https://www.keycdn.com/support
[INFO] 2025-02-08 22:59:39: ุฑุงุจุท ุฎุงุฑุฌู ุชู ุงูุชุดุงูู: https://status.keycdn.com
[INFO] 2025-02-08 22:59:39: ุฑุงุจุท ุฎุงุฑุฌู ุชู ุงูุชุดุงูู: https://www.keycdn.com/open-source-cdn
[INFO] 2025-02-08 22:59:39: ุฑุงุจุท ุฎุงุฑุฌู ุชู ุงูุชุดุงูู: https://www.keycdn.com/faq
[INFO] 2025-02-08 22:59:39: ุฑุงุจุท ุฎุงุฑุฌู ุชู ุงูุชุดุงูู: https://www.keycdn.com
[INFO] 2025-02-08 22:59:39: ุฑุงุจุท ุฎุงุฑุฌู ุชู ุงูุชุดุงูู: https://twitter.com/keycdn
[INFO] 2025-02-08 22:59:39: ุฑุงุจุท ุฎุงุฑุฌู ุชู ุงูุชุดุงูู: https://github.com/keycdn
[INFO] 2025-02-08 22:59:39: ุฑุงุจุท ุฎุงุฑุฌู ุชู ุงูุชุดุงูู: https://www.keycdn.com/terms
[INFO] 2025-02-08 22:59:39: ุฑุงุจุท ุฎุงุฑุฌู ุชู ุงูุชุดุงูู: https://www.keycdn.com/privacy
[INFO] 2025-02-08 22:59:39: ุฑุงุจุท ุฎุงุฑุฌู ุชู ุงูุชุดุงูู: https://www.keycdn.com/gdpr
[INFO] 2025-02-08 22:59:39: ุฑุงุจุท ุฎุงุฑุฌู ุชู ุงูุชุดุงูู: https://www.keycdn.com/privacy
[INFO] 2025-02-08 22:59:39: ุชูุช ูุนุงูุฌุฉ: https://tools.keycdn.com/ [ุนูู: 1, ุฒูู ุงูุงุณุชุฌุงุจุฉ: 0.14 ุซูุงูู]
[INFO] 2025-02-08 22:59:40: ุชูุช ูุนุงูุฌุฉ: https://tools.keycdn.com/brotli-test [ุนูู: 1, ุฒูู ุงูุงุณุชุฌุงุจุฉ: 0.50 ุซูุงูู]
[INFO] 2025-02-08 22:59:40: ุชูุช ูุนุงูุฌุฉ: https://tools.keycdn.com/curl [ุนูู: 1, ุฒูู ุงูุงุณุชุฌุงุจุฉ: 0.66 ุซูุงูู]
[INFO] 2025-02-08 22:59:40: ุชูุช ูุนุงูุฌุฉ: https://tools.keycdn.com/freak [ุนูู: 1, ุฒูู ุงูุงุณุชุฌุงุจุฉ: 0.86 ุซูุงูู]
[ERROR] 2025-02-08 22:59:40: ุฎุทุฃ ุฃุซูุงุก ุฌูุจ https://tools.keycdn.com/dig (ูุญุงููุฉ 1/3): Server disconnected
[INFO] 2025-02-08 22:59:40: ุชูุช ูุนุงูุฌุฉ: https://tools.keycdn.com/geo [ุนูู: 1, ุฒูู ุงูุงุณุชุฌุงุจุฉ: 1.23 ุซูุงูู]
[INFO] 2025-02-08 22:59:40: ุชูุช ูุนุงูุฌุฉ: https://tools.keycdn.com/epoch-converter [ุนูู: 1, ุฒูู ุงูุงุณุชุฌุงุจุฉ: 1.39 ุซูุงูู]
[INFO] 2025-02-08 22:59:41: ุชูุช ูุนุงูุฌุฉ: https://tools.keycdn.com/certificate-chain [ุนูู: 1, ุฒูู ุงูุงุณุชุฌุงุจุฉ: 1.67 ุซูุงูู]
[INFO] 2025-02-08 22:59:41: ุชูุช ูุนุงูุฌุฉ: https://tools.keycdn.com/hex-converter [ุนูู: 1, ุฒูู ุงูุงุณุชุฌุงุจุฉ: 1.86 ุซูุงูู]
[INFO] 2025-02-08 22:59:41: ุชูุช ูุนุงูุฌุฉ: https://tools.keycdn.com/http2-test [ุนูู: 1, ุฒูู ุงูุงุณุชุฌุงุจุฉ: 1.78 ุซูุงูู]
[INFO] 2025-02-08 22:59:41: ุชูุช ูุนุงูุฌุฉ: https://tools.keycdn.com/bgp-looking-glass [ุนูู: 1, ุฒูู ุงูุงุณุชุฌุงุจุฉ: 2.41 ุซูุงูู]
[INFO] 2025-02-08 22:59:42: ุชูุช ูุนุงูุฌุฉ: https://tools.keycdn.com/ipv6-ping [ุนูู: 1, ุฒูู ุงูุงุณุชุฌุงุจุฉ: 1.55 ุซูุงูู]
[INFO] 2025-02-08 22:59:42: ุชูุช ูุนุงูุฌุฉ: https://tools.keycdn.com/logjam [ุนูู: 1, ุฒูู ุงูุงุณุชุฌุงุจุฉ: 1.39 ุซูุงูู]
[INFO] 2025-02-08 22:59:42: ุชูุช ูุนุงูุฌุฉ: https://tools.keycdn.com/performance [ุนูู: 1, ุฒูู ุงูุงุณุชุฌุงุจุฉ: 1.38 ุซูุงูู]
[INFO] 2025-02-08 22:59:43: ุชูุช ูุนุงูุฌุฉ: https://tools.keycdn.com/dig [ุนูู: 1, ุฒูู ุงูุงุณุชุฌุงุจุฉ: 1.23 ุซูุงูู]
[INFO] 2025-02-08 22:59:43: ุชูุช ูุนุงูุฌุฉ: https://tools.keycdn.com/ping [ุนูู: 1, ุฒูู ุงูุงุณุชุฌุงุจุฉ: 1.00 ุซูุงูู]
[INFO] 2025-02-08 22:59:43: ุชูุช ูุนุงูุฌุฉ: https://tools.keycdn.com/sha256-online-generator [ุนูู: 1, ุฒูู ุงูุงุณุชุฌุงุจุฉ: 1.00 ุซูุงูู]
[INFO] 2025-02-08 22:59:43: ุชูุช ูุนุงูุฌุฉ: https://tools.keycdn.com/speed [ุนูู: 1, ุฒูู ุงูุงุณุชุฌุงุจุฉ: 0.72 ุซูุงูู]
[INFO] 2025-02-08 22:59:43: ุชูุช ูุนุงูุฌุฉ: https://tools.keycdn.com/ssl [ุนูู: 1, ุฒูู ุงูุงุณุชุฌุงุจุฉ: 0.55 ุซูุงูู]
[INFO] 2025-02-08 22:59:44: ุชูุช ูุนุงูุฌุฉ: https://tools.keycdn.com/traceroute [ุนูู: 1, ุฒูู ุงูุงุณุชุฌุงุจุฉ: 0.75 ุซูุงูู]
[INFO] 2025-02-08 22:59:45: ุชู ุชุตุฏูุฑ ุงููุชุงุฆุฌ ุจูุฌุงุญ ุฅูู results.csv ู results.json
[INFO] 2025-02-08 22:59:45: ุงูุชูู ุงูุฒุญู. ุชูุช ุฒูุงุฑุฉ 73 ุฑุงุจุท.
[INFO] 2025-02-08 23:10:28: [31m[1mWARNING: This is a development server. Do not use it in a production deployment. Use a production WSGI server instead.[0m
 * Running on http://127.0.0.1:5000
[INFO] 2025-02-08 23:10:28: [33mPress CTRL+C to quit[0m
[INFO] 2025-02-08 23:10:28:  * Restarting with stat
[WARNING] 2025-02-08 23:10:29:  * Debugger is active!
[INFO] 2025-02-08 23:10:29:  * Debugger PIN: 787-252-502
[INFO] 2025-02-08 23:10:32: 127.0.0.1 - - [08/Feb/2025 23:10:32] "[35m[1mGET / HTTP/1.1[0m" 500 -
[INFO] 2025-02-08 23:10:33: 127.0.0.1 - - [08/Feb/2025 23:10:33] "GET /?__debugger__=yes&cmd=resource&f=style.css HTTP/1.1" 200 -
[INFO] 2025-02-08 23:10:33: 127.0.0.1 - - [08/Feb/2025 23:10:33] "GET /?__debugger__=yes&cmd=resource&f=debugger.js HTTP/1.1" 200 -
[INFO] 2025-02-08 23:10:33: 127.0.0.1 - - [08/Feb/2025 23:10:33] "GET /?__debugger__=yes&cmd=resource&f=console.png&s=ECo8JLpBodHQbhN8SGqT HTTP/1.1" 200 -
[INFO] 2025-02-08 23:10:33: 127.0.0.1 - - [08/Feb/2025 23:10:33] "GET /?__debugger__=yes&cmd=resource&f=console.png HTTP/1.1" 200 -
[INFO] 2025-02-08 23:14:31: [31m[1mWARNING: This is a development server. Do not use it in a production deployment. Use a production WSGI server instead.[0m
 * Running on http://127.0.0.1:5000
[INFO] 2025-02-08 23:14:31: [33mPress CTRL+C to quit[0m
[INFO] 2025-02-08 23:14:31:  * Restarting with stat
[WARNING] 2025-02-08 23:14:32:  * Debugger is active!
[INFO] 2025-02-08 23:14:32:  * Debugger PIN: 787-252-502
[INFO] 2025-02-08 23:14:35: 127.0.0.1 - - [08/Feb/2025 23:14:35] "GET / HTTP/1.1" 200 -
[INFO] 2025-02-08 23:14:38: 127.0.0.1 - - [08/Feb/2025 23:14:38] "[33mGET /favicon.ico HTTP/1.1[0m" 404 -
[INFO] 2025-02-08 23:15:34: 127.0.0.1 - - [08/Feb/2025 23:15:34] "[32mPOST / HTTP/1.1[0m" 302 -
[INFO] 2025-02-08 23:15:34: ุจุฏุฃ ุงูุฒุญู ุจุงุณุชุฎุฏุงู ุงูุงุณุชุฑุงุชูุฌูุฉ: BFS
[INFO] 2025-02-08 23:15:34: 127.0.0.1 - - [08/Feb/2025 23:15:34] "GET / HTTP/1.1" 200 -
[INFO] 2025-02-08 23:15:42: ุชูุช ูุนุงูุฌุฉ: https://www.dk.com [ุนูู: 0, ุฒูู ุงูุงุณุชุฌุงุจุฉ: 7.72 ุซูุงูู]
[INFO] 2025-02-08 23:15:45: ุชูุช ูุนุงูุฌุฉ: https://www.dk.com/uk/ [ุนูู: 1, ุฒูู ุงูุงุณุชุฌุงุจุฉ: 0.28 ุซูุงูู]
[INFO] 2025-02-08 23:15:45: ุชูุช ูุนุงูุฌุฉ: https://www.dk.com/uk/book/9780241358719-world-war-ii-map-by-map/ [ุนูู: 1, ุฒูู ุงูุงุณุชุฌุงุจุฉ: 0.73 ุซูุงูู]
[INFO] 2025-02-08 23:15:45: ุชูุช ูุนุงูุฌุฉ: https://www.dk.com/uk/article/Vikings-fire-and-Northern-Lights-why-you-should-visit-this-remote-Scottish-island-in-January/ [ุนูู: 1, ุฒูู ุงูุงุณุชุฌุงุจุฉ: 1.25 ุซูุงูู]
[INFO] 2025-02-08 23:15:46: ุชูุช ูุนุงูุฌุฉ: https://www.dk.com/uk/article/the-best-places-to-travel-in-2025/ [ุนูู: 1, ุฒูู ุงูุงุณุชุฌุงุจุฉ: 1.36 ุซูุงูู]
[INFO] 2025-02-08 23:15:46: ุชูุช ูุนุงูุฌุฉ: https://www.dk.com/uk/book/9780241417287-dk-eyewitness-italy/ [ุนูู: 1, ุฒูู ุงูุงุณุชุฌุงุจุฉ: 1.56 ุซูุงูู]
[INFO] 2025-02-08 23:15:46: ุชูุช ูุนุงูุฌุฉ: https://www.dk.com/uk/book/9780241648810-how-to-design-a-garden-and-then-look-after-it/ [ุนูู: 1, ุฒูู ุงูุงุณุชุฌุงุจุฉ: 1.77 ุซูุงูู]
[INFO] 2025-02-08 23:15:46: ุชูุช ูุนุงูุฌุฉ: https://www.dk.com/uk/book/9780241506462-the-science-of-nutrition/ [ุนูู: 1, ุฒูู ุงูุงุณุชุฌุงุจุฉ: 1.89 ุซูุงูู]
[INFO] 2025-02-08 23:15:46: ุชูุช ูุนุงูุฌุฉ: https://www.dk.com/uk/book/9780241455159-what-mummy-makes/ [ุนูู: 1, ุฒูู ุงูุงุณุชุฌุงุจุฉ: 1.95 ุซูุงูู]
[INFO] 2025-02-08 23:15:46: ุชูุช ูุนุงูุฌุฉ: https://www.dk.com/uk/book/9780241559277-hike/ [ุนูู: 1, ุฒูู ุงูุงุณุชุฌุงุจุฉ: 2.03 ุซูุงูู]
[INFO] 2025-02-08 23:15:46: ุชูุช ูุนุงูุฌุฉ: https://www.dk.com/uk/book/9780241656495-rhs-grow-food-anywhere/ [ุนูู: 1, ุฒูู ุงูุงุณุชุฌุงุจุฉ: 1.19 ุซูุงูู]
[INFO] 2025-02-08 23:15:46: ุชูุช ูุนุงูุฌุฉ: https://www.dk.com/uk/book/9780241360002-allotment-month-by-month/ [ุนูู: 1, ุฒูู ุงูุงุณุชุฌุงุจุฉ: 2.14 ุซูุงูู]
[INFO] 2025-02-08 23:15:47: ุชูุช ูุนุงูุฌุฉ: https://www.dk.com/uk/book/9780241661314-warhammer-40000-the-ultimate-guide/ [ุนูู: 1, ุฒูู ุงูุงุณุชุฌุงุจุฉ: 0.59 ุซูุงูู]
[INFO] 2025-02-08 23:15:47: ุชูุช ูุนุงูุฌุฉ: https://www.dk.com/uk/book/9780241661680-eat-your-way-to-a-six-pack/ [ุนูู: 1, ุฒูู ุงูุงุณุชุฌุงุจุฉ: 0.47 ุซูุงูู]
[INFO] 2025-02-08 23:15:47: ุชูุช ูุนุงูุฌุฉ: https://www.dk.com/uk/book/9780241661680-eat-your-way-to-a-six-pack/ [ุนูู: 1, ุฒูู ุงูุงุณุชุฌุงุจุฉ: 0.28 ุซูุงูู]
[INFO] 2025-02-08 23:15:48: ุชูุช ูุนุงูุฌุฉ: https://www.dk.com/uk/book/9780241662021-for-the-love-of-plants/ [ุนูู: 1, ุฒูู ุงูุงุณุชุฌุงุจุฉ: 0.47 ุซูุงูู]
[INFO] 2025-02-08 23:15:48: ุชูุช ูุนุงูุฌุฉ: https://www.dk.com/uk/book/9780241667118-the-seed-hunter/ [ุนูู: 1, ุฒูู ุงูุงุณุชุฌุงุจุฉ: 0.44 ุซูุงูู]
[INFO] 2025-02-08 23:15:49: ุชูุช ูุนุงูุฌุฉ: https://www.dk.com/uk/book/9780241661697-high-protein-meals-in-minutes/ [ุนูู: 1, ุฒูู ุงูุงุณุชุฌุงุจุฉ: 1.12 ุซูุงูู]
[INFO] 2025-02-08 23:15:49: ุชูุช ูุนุงูุฌุฉ: https://www.dk.com/uk/book/9780241671931-lego-world-builder/ [ุนูู: 1, ุฒูู ุงูุงุณุชุฌุงุจุฉ: 1.05 ุซูุงูู]
[INFO] 2025-02-08 23:15:49: ุชูุช ูุนุงูุฌุฉ: https://www.dk.com/uk/book/9780241680476-good-vibes-baking/ [ุนูู: 1, ุฒูู ุงูุงุณุชุฌุงุจุฉ: 0.62 ุซูุงูู]
[INFO] 2025-02-08 23:15:49: ุชูุช ูุนุงูุฌุฉ: https://www.dk.com/uk/book/9780241668764-the-science-of-plant-based-nutrition/ [ุนูู: 1, ุฒูู ุงูุงุณุชุฌุงุจุฉ: 1.20 ุซูุงูู]
[INFO] 2025-02-08 23:15:49: ุชูุช ูุนุงูุฌุฉ: https://www.dk.com/uk/book/9780241678770-you-deserve-good-gelato/ [ุนูู: 1, ุฒูู ุงูุงุณุชุฌุงุจุฉ: 1.33 ุซูุงูู]
[INFO] 2025-02-08 23:15:49: ุชูุช ูุนุงูุฌุฉ: https://www.dk.com/uk/book/9780241680452-the-money-saving-gardener/ [ุนูู: 1, ุฒูู ุงูุงุณุชุฌุงุจุฉ: 1.14 ุซูุงูู]
[INFO] 2025-02-08 23:15:50: ุชูุช ูุนุงูุฌุฉ: https://www.dk.com/uk/book/9780241680445-small-space-revolution/ [ุนูู: 1, ุฒูู ุงูุงุณุชุฌุงุจุฉ: 1.28 ุซูุงูู]
[INFO] 2025-02-08 23:15:50: ุชูุช ูุนุงูุฌุฉ: https://www.dk.com/uk/book/9780241680469-bahari/ [ุนูู: 1, ุฒูู ุงูุงุณุชุฌุงุจุฉ: 1.31 ุซูุงูู]
[INFO] 2025-02-08 23:15:50: ุชูุช ูุนุงูุฌุฉ: https://www.dk.com/uk/book/9780241681718-live-free-eat-well/ [ุนูู: 1, ุฒูู ุงูุงุณุชุฌุงุจุฉ: 1.02 ุซูุงูู]
[INFO] 2025-02-08 23:15:50: ุชูุช ูุนุงูุฌุฉ: https://www.dk.com/uk/book/9780241684023-low-waste-kitchen/ [ุนูู: 1, ุฒูู ุงูุงุณุชุฌุงุจุฉ: 1.11 ุซูุงูู]
[INFO] 2025-02-08 23:15:50: ุชูุช ูุนุงูุฌุฉ: https://www.dk.com/uk/book/9780241685433-budget-family-food/ [ุนูู: 1, ุฒูู ุงูุงุณุชุฌุงุจุฉ: 0.53 ุซูุงูู]
[INFO] 2025-02-08 23:15:51: ุชูุช ูุนุงูุฌุฉ: https://www.dk.com/uk/book/9780241685471-the-self-sufficiency-garden/ [ุนูู: 1, ุฒูู ุงูุงุณุชุฌุงุจุฉ: 0.45 ุซูุงูู]
[INFO] 2025-02-08 23:15:51: ุชูุช ูุนุงูุฌุฉ: https://www.dk.com/uk/book/9780241685471-the-self-sufficiency-garden/ [ุนูู: 1, ุฒูู ุงูุงุณุชุฌุงุจุฉ: 0.22 ุซูุงูู]
[INFO] 2025-02-08 23:15:51: ุชูุช ูุนุงูุฌุฉ: https://www.dk.com/uk/book/9780241685464-how-the-earth-works/ [ุนูู: 1, ุฒูู ุงูุงุณุชุฌุงุจุฉ: 0.94 ุซูุงูู]
[INFO] 2025-02-08 23:15:51: ุชูุช ูุนุงูุฌุฉ: https://www.dk.com/uk/book/9780241691656-read-yourself-happy/ [ุนูู: 1, ุฒูู ุงูุงุณุชุฌุงุจุฉ: 0.44 ุซูุงูู]
[INFO] 2025-02-08 23:15:51: ุชูุช ูุนุงูุฌุฉ: https://www.dk.com/uk/book/9780241695616-hello-tiny-world/ [ุนูู: 1, ุฒูู ุงูุงุณุชุฌุงุจุฉ: 0.52 ุซูุงูู]
[INFO] 2025-02-08 23:15:51: ุชูุช ูุนุงูุฌุฉ: https://www.dk.com/uk/book/9780241727614-i-flew-around-the-world/ [ุนูู: 1, ุฒูู ุงูุงุณุชุฌุงุจุฉ: 0.41 ุซูุงูู]
[INFO] 2025-02-08 23:15:52: ุชูุช ูุนุงูุฌุฉ: https://www.dk.com/uk/book/9780241733066-the-money-saving-garden-year/ [ุนูู: 1, ุฒูู ุงูุงุณุชุฌุงุจุฉ: 0.47 ุซูุงูู]
[INFO] 2025-02-08 23:15:52: ุชูุช ูุนุงูุฌุฉ: https://www.dk.com/uk/book/9780241698105-dk-eyewitness-top-10-mexico-city/ [ุนูู: 1, ุฒูู ุงูุงุณุชุฌุงุจุฉ: 0.98 ุซูุงูู]
[INFO] 2025-02-08 23:15:52: ุชูุช ูุนุงูุฌุฉ: https://www.dk.com/uk/book/9780241725948-a-kids-book-about-ai/ [ุนูู: 1, ุฒูู ุงูุงุณุชุฌุงุจุฉ: 1.19 ุซูุงูู]
[INFO] 2025-02-08 23:15:52: ุชูุช ูุนุงูุฌุฉ: https://www.dk.com/uk/book/9780241690635-doma/ [ุนูู: 1, ุฒูู ุงูุงุณุชุฌุงุจุฉ: 1.58 ุซูุงูู]
[INFO] 2025-02-08 23:15:52: ุชูุช ูุนุงูุฌุฉ: https://www.dk.com/uk/book/9780241729335-ellys-plate/ [ุนูู: 1, ุฒูู ุงูุงุณุชุฌุงุจุฉ: 1.23 ุซูุงูู]
[INFO] 2025-02-08 23:15:52: ุชูุช ูุนุงูุฌุฉ: https://www.dk.com/uk/book/9780241696507-the-travel-bucket-list/ [ุนูู: 1, ุฒูู ุงูุงุณุชุฌุงุจุฉ: 1.42 ุซูุงูู]
[INFO] 2025-02-08 23:15:53: ุชูุช ูุนุงูุฌุฉ: https://www.dk.com/uk/book/9780241738375-dk-englands-south-coast/ [ุนูู: 1, ุฒูู ุงูุงุณุชุฌุงุจุฉ: 0.92 ุซูุงูู]
[INFO] 2025-02-08 23:15:53: ุชูุช ูุนุงูุฌุฉ: https://www.dk.com/uk/book/9780241755471-the-permaculture-garden/ [ุนูู: 1, ุฒูู ุงูุงุณุชุฌุงุจุฉ: 0.80 ุซูุงูู]
[INFO] 2025-02-08 23:15:53: ุชูุช ูุนุงูุฌุฉ: https://www.dk.com/uk/book/9780241755228-the-green-kingdom/ [ุนูู: 1, ุฒูู ุงูุงุณุชุฌุงุจุฉ: 0.97 ุซูุงูู]
[INFO] 2025-02-08 23:15:54: ุชูุช ูุนุงูุฌุฉ: https://www.dk.com/uk/book/9780241755020-good-night-stories-for-rebel-girls-new-edition/ [ุนูู: 1, ุฒูู ุงูุงุณุชุฌุงุจุฉ: 1.12 ุซูุงูู]
[INFO] 2025-02-08 23:15:54: ุชูุช ูุนุงูุฌุฉ: https://www.dk.com/uk/book/9780241755556-monsoon/ [ุนูู: 1, ุฒูู ุงูุงุณุชุฌุงุจุฉ: 0.62 ุซูุงูู]
[INFO] 2025-02-08 23:15:54: ุชูุช ูุนุงูุฌุฉ: https://www.dk.com/uk/book/9780241755259-an-anthology-of-butterflies-and-moths/ [ุนูู: 1, ุฒูู ุงูุงุณุชุฌุงุจุฉ: 1.53 ุซูุงูู]
[INFO] 2025-02-08 23:15:54: ุชูุช ูุนุงูุฌุฉ: https://www.dk.com/uk/book/9780241765494-what-the-artist-saw-henri-matisse/ [ุนูู: 1, ุฒูู ุงูุงุณุชุฌุงุจุฉ: 0.42 ุซูุงูู]
[INFO] 2025-02-08 23:15:54: ุชูุช ูุนุงูุฌุฉ: https://www.dk.com/uk/book/9780241760383-road-trips-in-europe/ [ุนูู: 1, ุฒูู ุงูุงุณุชุฌุงุจุฉ: 0.53 ุซูุงูู]
[INFO] 2025-02-08 23:15:54: ุชูุช ูุนุงูุฌุฉ: https://www.dk.com/uk/book/9780241765524-dinosaur-club-the-edmontosaurus-stampede/ [ุนูู: 1, ุฒูู ุงูุงุณุชุฌุงุจุฉ: 0.62 ุซูุงูู]
[INFO] 2025-02-08 23:15:55: ุชูุช ูุนุงูุฌุฉ: https://www.dk.com/uk/book/9780744092714-states-of-adventure/ [ุนูู: 1, ุฒูู ุงูุงุณุชุฌุงุจุฉ: 0.72 ุซูุงูู]
[INFO] 2025-02-08 23:15:55: ุชูุช ูุนุงูุฌุฉ: https://www.dk.com/uk/book/9780744093902-old-time-hawkeys-recipes-from-the-cedar-swamp/ [ุนูู: 1, ุฒูู ุงูุงุณุชุฌุงุจุฉ: 0.52 ุซูุงูู]
[INFO] 2025-02-08 23:15:55: ุชูุช ูุนุงูุฌุฉ: https://www.dk.com/uk/book/9780241759677-north-coast-500/ [ุนูู: 1, ุฒูู ุงูุงุณุชุฌุงุจุฉ: 0.92 ุซูุงูู]
[INFO] 2025-02-08 23:15:55: ุชูุช ูุนุงูุฌุฉ: https://www.dk.com/uk/book/9780744095647-dessert-course/ [ุนูู: 1, ุฒูู ุงูุงุณุชุฌุงุจุฉ: 0.36 ุซูุงูู]
[INFO] 2025-02-08 23:15:55: ุชูุช ูุนุงูุฌุฉ: https://www.dk.com/uk/book/9781409339816-a-little-course-in-crochet/ [ุนูู: 1, ุฒูู ุงูุงุณุชุฌุงุจุฉ: 0.55 ุซูุงูู]
[INFO] 2025-02-08 23:15:55: ุชูุช ูุนุงูุฌุฉ: https://www.dk.com/uk/category/ [ุนูู: 1, ุฒูู ุงูุงุณุชุฌุงุจุฉ: 0.58 ุซูุงูู]
[INFO] 2025-02-08 23:15:56: ุชูุช ูุนุงูุฌุฉ: https://www.dk.com/uk/book/9781409369387-biodynamic-gardening/ [ุนูู: 1, ุฒูู ุงูุงุณุชุฌุงุจุฉ: 0.64 ุซูุงูู]
[INFO] 2025-02-08 23:15:56: ุชูุช ูุนุงูุฌุฉ: https://www.dk.com/uk/category/books-reference/ [ุนูู: 1, ุฒูู ุงูุงุณุชุฌุงุจุฉ: 0.45 ุซูุงูู]
[INFO] 2025-02-08 23:15:57: ุชูุช ูุนุงูุฌุฉ: https://www.dk.com/uk/category/arts-and-culture/ [ุนูู: 1, ุฒูู ุงูุงุณุชุฌุงุจุฉ: 1.42 ุซูุงูู]
[INFO] 2025-02-08 23:15:57: ุชูุช ูุนุงูุฌุฉ: https://www.dk.com/uk/category/childrens/ [ุนูู: 1, ุฒูู ุงูุงุณุชุฌุงุจุฉ: 1.08 ุซูุงูู]
[INFO] 2025-02-08 23:15:57: ุชูุช ูุนุงูุฌุฉ: https://www.dk.com/uk/category/comics-film-and-tv/ [ุนูู: 1, ุฒูู ุงูุงุณุชุฌุงุจุฉ: 0.91 ุซูุงูู]
[INFO] 2025-02-08 23:15:57: ุชูุช ูุนุงูุฌุฉ: https://www.dk.com/uk/category/business-and-careers/ [ุนูู: 1, ุฒูู ุงูุงุณุชุฌุงุจุฉ: 1.48 ุซูุงูู]
[INFO] 2025-02-08 23:15:57: ุชูุช ูุนุงูุฌุฉ: https://www.dk.com/uk/category/books-reference/ [ุนูู: 1, ุฒูู ุงูุงุณุชุฌุงุจุฉ: 1.67 ุซูุงูู]
[INFO] 2025-02-08 23:15:58: ุชูุช ูุนุงูุฌุฉ: https://www.dk.com/uk/category/books-history/ [ุนูู: 1, ุฒูู ุงูุงุณุชุฌุงุจุฉ: 1.78 ุซูุงูู]
[INFO] 2025-02-08 23:15:58: ุชูุช ูุนุงูุฌุฉ: https://www.dk.com/uk/category/books-religions-and-ideas/ [ุนูู: 1, ุฒูู ุงูุงุณุชุฌุงุจุฉ: 2.02 ุซูุงูู]
[INFO] 2025-02-08 23:15:58: ุชูุช ูุนุงูุฌุฉ: https://www.dk.com/uk/category/childrens/ [ุนูู: 1, ุฒูู ุงูุงุณุชุฌุงุจุฉ: 1.86 ุซูุงูู]
[INFO] 2025-02-08 23:15:58: ุชูุช ูุนุงูุฌุฉ: https://www.dk.com/uk/category/crafts-and-hobbies/ [ุนูู: 1, ุฒูู ุงูุงุณุชุฌุงุจุฉ: 0.80 ุซูุงูู]
[INFO] 2025-02-08 23:15:58: ุชูุช ูุนุงูุฌุฉ: https://www.dk.com/uk/category/education/ [ุนูู: 1, ุฒูู ุงูุงุณุชุฌุงุจุฉ: 0.42 ุซูุงูู]
[INFO] 2025-02-08 23:15:59: ุชูุช ูุนุงูุฌุฉ: https://www.dk.com/uk/category/food-and-drink/ [ุนูู: 1, ุฒูู ุงูุงุณุชุฌุงุจุฉ: 1.23 ุซูุงูู]
[INFO] 2025-02-08 23:16:00: ุชูุช ูุนุงูุฌุฉ: https://www.dk.com/uk/category/education/ [ุนูู: 1, ุฒูู ุงูุงุณุชุฌุงุจุฉ: 1.48 ุซูุงูู]
[INFO] 2025-02-08 23:16:00: ุชูุช ูุนุงูุฌุฉ: https://www.dk.com/uk/category/food-and-drink/ [ุนูู: 1, ุฒูู ุงูุงุณุชุฌุงุจุฉ: 1.48 ุซูุงูู]
[INFO] 2025-02-08 23:16:00: ุชูุช ูุนุงูุฌุฉ: https://www.dk.com/uk/category/health-and-beauty/ [ุนูู: 1, ุฒูู ุงูุงุณุชุฌุงุจุฉ: 0.92 ุซูุงูู]
[INFO] 2025-02-08 23:16:00: ุชูุช ูุนุงูุฌุฉ: https://www.dk.com/uk/category/gardening/ [ุนูู: 1, ุฒูู ุงูุงุณุชุฌุงุจุฉ: 1.16 ุซูุงูู]
[INFO] 2025-02-08 23:16:00: ุชูุช ูุนุงูุฌุฉ: https://www.dk.com/uk/category/gardening/ [ุนูู: 1, ุฒูู ุงูุงุณุชุฌุงุจุฉ: 1.48 ุซูุงูู]
[INFO] 2025-02-08 23:16:01: ุชูุช ูุนุงูุฌุฉ: https://www.dk.com/uk/category/language-learning/ [ุนูู: 1, ุฒูู ุงูุงุณุชุฌุงุจุฉ: 1.45 ุซูุงูู]
[INFO] 2025-02-08 23:16:01: ุชูุช ูุนุงูุฌุฉ: https://www.dk.com/uk/category/photography/ [ุนูู: 1, ุฒูู ุงูุงุณุชุฌุงุจุฉ: 0.92 ุซูุงูู]
[INFO] 2025-02-08 23:16:01: ุชูุช ูุนุงูุฌุฉ: https://www.dk.com/uk/category/pregnancy-and-parenting/ [ุนูู: 1, ุฒูู ุงูุงุณุชุฌุงุจุฉ: 1.01 ุซูุงูู]
[INFO] 2025-02-08 23:16:01: ุชูุช ูุนุงูุฌุฉ: https://www.dk.com/uk/category/medical/ [ุนูู: 1, ุฒูู ุงูุงุณุชุฌุงุจุฉ: 1.25 ุซูุงูู]
[INFO] 2025-02-08 23:16:02: ุชูุช ูุนุงูุฌุฉ: https://www.dk.com/uk/category/relationships-and-dating/ [ุนูู: 1, ุฒูู ุงูุงุณุชุฌุงุจุฉ: 0.34 ุซูุงูู]
[INFO] 2025-02-08 23:16:02: ุชูุช ูุนุงูุฌุฉ: https://www.dk.com/uk/category/sport-and-fitness/ [ุนูู: 1, ุฒูู ุงูุงุณุชุฌุงุจุฉ: 0.53 ุซูุงูู]
[INFO] 2025-02-08 23:16:03: ุชูุช ูุนุงูุฌุฉ: https://www.dk.com/uk/category/transportation/ [ุนูู: 1, ุฒูู ุงูุงุณุชุฌุงุจุฉ: 1.28 ุซูุงูู]
[INFO] 2025-02-08 23:16:03: ุชูุช ูุนุงูุฌุฉ: https://www.dk.com/uk/category/science-and-nature/ [ุนูู: 1, ุฒูู ุงูุงุณุชุฌุงุจุฉ: 1.70 ุซูุงูู]
[INFO] 2025-02-08 23:16:03: ุชูุช ูุนุงูุฌุฉ: https://www.dk.com/uk/category/travel/ [ุนูู: 1, ุฒูู ุงูุงุณุชุฌุงุจุฉ: 1.06 ุซูุงูู]
[INFO] 2025-02-08 23:16:03: ุชูุช ูุนุงูุฌุฉ: https://www.dk.com/uk/gifts/ [ุนูู: 1, ุฒูู ุงูุงุณุชุฌุงุจุฉ: 1.11 ุซูุงูู]
[INFO] 2025-02-08 23:16:03: ุชูุช ูุนุงูุฌุฉ: https://www.dk.com/uk/information/article-hub/ [ุนูู: 1, ุฒูู ุงูุงุณุชุฌุงุจุฉ: 1.09 ุซูุงูู]
[INFO] 2025-02-08 23:16:04: ุชูุช ูุนุงูุฌุฉ: https://www.dk.com/uk/category/travel/ [ุนูู: 1, ุฒูู ุงูุงุณุชุฌุงุจุฉ: 1.91 ุซูุงูู]
[INFO] 2025-02-08 23:16:04: ุชูุช ูุนุงูุฌุฉ: https://www.dk.com/uk/gifts/ [ุนูู: 1, ุฒูู ุงูุงุณุชุฌุงุจุฉ: 1.72 ุซูุงูู]
[INFO] 2025-02-08 23:16:04: ุชูุช ูุนุงูุฌุฉ: https://www.dk.com/uk/information/home-learning-for-kids/ [ุนูู: 1, ุฒูู ุงูุงุณุชุฌุงุจุฉ: 1.38 ุซูุงูู]
[INFO] 2025-02-08 23:16:04: ุชูุช ูุนุงูุฌุฉ: https://www.dk.com/uk/information/home-learning-for-kids/ [ุนูู: 1, ุฒูู ุงูุงุณุชุฌุงุจุฉ: 1.44 ุซูุงูู]
[INFO] 2025-02-08 23:16:04: ุชูุช ูุนุงูุฌุฉ: https://www.dk.com/uk/information/article-hub/ [ุนูู: 1, ุฒูู ุงูุงุณุชุฌุงุจุฉ: 1.62 ุซูุงูู]
[INFO] 2025-02-08 23:16:05: ุชูุช ูุนุงูุฌุฉ: https://www.dk.com/uk/newsletter/ [ุนูู: 1, ุฒูู ุงูุงุณุชุฌุงุจุฉ: 1.00 ุซูุงูู]
[INFO] 2025-02-08 23:16:06: ุชู ุชุตุฏูุฑ ุงููุชุงุฆุฌ ุจูุฌุงุญ ุฅูู results.csv ู results.json
[INFO] 2025-02-08 23:16:06: ุงูุชูู ุงูุฒุญู. ุชูุช ุฒูุงุฑุฉ 152 ุฑุงุจุท.
[INFO] 2025-02-08 23:16:54: 127.0.0.1 - - [08/Feb/2025 23:16:54] "[32mPOST / HTTP/1.1[0m" 302 -
[INFO] 2025-02-08 23:16:54: ุจุฏุฃ ุงูุฒุญู ุจุงุณุชุฎุฏุงู ุงูุงุณุชุฑุงุชูุฌูุฉ: BFS
[INFO] 2025-02-08 23:16:54: 127.0.0.1 - - [08/Feb/2025 23:16:54] "GET / HTTP/1.1" 200 -
[INFO] 2025-02-08 23:16:55: ุชู ุชุตุฏูุฑ ุงููุชุงุฆุฌ ุจูุฌุงุญ ุฅูู results.csv ู results.json
[INFO] 2025-02-08 23:16:55: ุงูุชูู ุงูุฒุญู. ุชูุช ุฒูุงุฑุฉ 152 ุฑุงุจุท.
[INFO] 2025-02-08 23:19:05:  * Detected change in 'C:\\Users\\amral\\PycharmProjects\\Crawling Project\\main.py', reloading
[INFO] 2025-02-08 23:19:05:  * Restarting with stat
[WARNING] 2025-02-08 23:19:07:  * Debugger is active!
[INFO] 2025-02-08 23:19:07:  * Debugger PIN: 787-252-502
[INFO] 2025-02-08 23:23:39: [31m[1mWARNING: This is a development server. Do not use it in a production deployment. Use a production WSGI server instead.[0m
 * Running on http://127.0.0.1:5000
[INFO] 2025-02-08 23:23:39: [33mPress CTRL+C to quit[0m
[INFO] 2025-02-08 23:23:39:  * Restarting with stat
[WARNING] 2025-02-08 23:23:40:  * Debugger is active!
[INFO] 2025-02-08 23:23:40:  * Debugger PIN: 787-252-502
[INFO] 2025-02-08 23:23:42: 127.0.0.1 - - [08/Feb/2025 23:23:42] "GET / HTTP/1.1" 200 -
[INFO] 2025-02-08 23:23:43: 127.0.0.1 - - [08/Feb/2025 23:23:43] "[33mGET /favicon.ico HTTP/1.1[0m" 404 -
[INFO] 2025-02-09 09:58:01: [31m[1mWARNING: This is a development server. Do not use it in a production deployment. Use a production WSGI server instead.[0m
 * Running on http://127.0.0.1:5000
[INFO] 2025-02-09 09:58:01: [33mPress CTRL+C to quit[0m
[INFO] 2025-02-09 09:58:01:  * Restarting with stat
[WARNING] 2025-02-09 09:58:02:  * Debugger is active!
[INFO] 2025-02-09 09:58:02:  * Debugger PIN: 787-252-502
[INFO] 2025-02-09 09:58:04: 127.0.0.1 - - [09/Feb/2025 09:58:04] "GET / HTTP/1.1" 200 -
[INFO] 2025-02-09 09:58:05: 127.0.0.1 - - [09/Feb/2025 09:58:05] "[33mGET /favicon.ico HTTP/1.1[0m" 404 -
[INFO] 2025-02-09 10:05:09: [31m[1mWARNING: This is a development server. Do not use it in a production deployment. Use a production WSGI server instead.[0m
 * Running on http://127.0.0.1:5000
[INFO] 2025-02-09 10:05:09: [33mPress CTRL+C to quit[0m
[INFO] 2025-02-09 10:05:09:  * Restarting with stat
[WARNING] 2025-02-09 10:05:10:  * Debugger is active!
[INFO] 2025-02-09 10:05:10:  * Debugger PIN: 787-252-502
[INFO] 2025-02-09 10:05:11: 127.0.0.1 - - [09/Feb/2025 10:05:11] "GET / HTTP/1.1" 200 -
[INFO] 2025-02-09 10:06:55: [31m[1mWARNING: This is a development server. Do not use it in a production deployment. Use a production WSGI server instead.[0m
 * Running on http://127.0.0.1:5000
[INFO] 2025-02-09 10:06:55: [33mPress CTRL+C to quit[0m
[INFO] 2025-02-09 10:06:55:  * Restarting with stat
[WARNING] 2025-02-09 10:06:56:  * Debugger is active!
[INFO] 2025-02-09 10:06:56:  * Debugger PIN: 787-252-502
[INFO] 2025-02-09 10:06:57: 127.0.0.1 - - [09/Feb/2025 10:06:57] "GET / HTTP/1.1" 200 -
[INFO] 2025-02-09 10:08:40: [31m[1mWARNING: This is a development server. Do not use it in a production deployment. Use a production WSGI server instead.[0m
 * Running on http://127.0.0.1:5000
[INFO] 2025-02-09 10:08:40: [33mPress CTRL+C to quit[0m
[INFO] 2025-02-09 10:08:40:  * Restarting with stat
[WARNING] 2025-02-09 10:08:41:  * Debugger is active!
[INFO] 2025-02-09 10:08:41:  * Debugger PIN: 787-252-502
[INFO] 2025-02-09 10:08:42: 127.0.0.1 - - [09/Feb/2025 10:08:42] "GET / HTTP/1.1" 200 -
[INFO] 2025-02-09 10:10:27: [31m[1mWARNING: This is a development server. Do not use it in a production deployment. Use a production WSGI server instead.[0m
 * Running on http://127.0.0.1:5000
[INFO] 2025-02-09 10:10:27: [33mPress CTRL+C to quit[0m
[INFO] 2025-02-09 10:10:27:  * Restarting with stat
[WARNING] 2025-02-09 10:10:28:  * Debugger is active!
[INFO] 2025-02-09 10:10:28:  * Debugger PIN: 787-252-502
[INFO] 2025-02-09 10:10:29: 127.0.0.1 - - [09/Feb/2025 10:10:29] "GET / HTTP/1.1" 200 -
[INFO] 2025-02-09 10:10:52: [31m[1mWARNING: This is a development server. Do not use it in a production deployment. Use a production WSGI server instead.[0m
 * Running on http://127.0.0.1:5000
[INFO] 2025-02-09 10:10:52: [33mPress CTRL+C to quit[0m
[INFO] 2025-02-09 10:10:52:  * Restarting with stat
[WARNING] 2025-02-09 10:10:53:  * Debugger is active!
[INFO] 2025-02-09 10:10:53:  * Debugger PIN: 787-252-502
[INFO] 2025-02-09 10:10:54: 127.0.0.1 - - [09/Feb/2025 10:10:54] "GET / HTTP/1.1" 200 -
[INFO] 2025-02-09 10:11:16: [31m[1mWARNING: This is a development server. Do not use it in a production deployment. Use a production WSGI server instead.[0m
 * Running on http://127.0.0.1:5000
[INFO] 2025-02-09 10:11:16: [33mPress CTRL+C to quit[0m
[INFO] 2025-02-09 10:11:16:  * Restarting with stat
[WARNING] 2025-02-09 10:11:16:  * Debugger is active!
[INFO] 2025-02-09 10:11:16:  * Debugger PIN: 787-252-502
[INFO] 2025-02-09 10:11:17: 127.0.0.1 - - [09/Feb/2025 10:11:17] "GET / HTTP/1.1" 200 -
[INFO] 2025-02-09 10:20:28:  * Detected change in 'C:\\Users\\amral\\PycharmProjects\\Crawling Project\\main.py', reloading
[INFO] 2025-02-09 10:20:29:  * Restarting with stat
[WARNING] 2025-02-09 10:20:30:  * Debugger is active!
[INFO] 2025-02-09 10:20:30:  * Debugger PIN: 787-252-502
[INFO] 2025-02-09 10:38:52: [31m[1mWARNING: This is a development server. Do not use it in a production deployment. Use a production WSGI server instead.[0m
 * Running on http://127.0.0.1:5000
[INFO] 2025-02-09 10:38:52: [33mPress CTRL+C to quit[0m
[INFO] 2025-02-09 10:38:52:  * Restarting with stat
[WARNING] 2025-02-09 10:38:53:  * Debugger is active!
[INFO] 2025-02-09 10:38:53:  * Debugger PIN: 787-252-502
[INFO] 2025-02-09 10:38:53: 127.0.0.1 - - [09/Feb/2025 10:38:53] "[35m[1mGET / HTTP/1.1[0m" 500 -
[INFO] 2025-02-09 10:38:54: 127.0.0.1 - - [09/Feb/2025 10:38:54] "[36mGET /?__debugger__=yes&cmd=resource&f=style.css HTTP/1.1[0m" 304 -
[INFO] 2025-02-09 10:38:54: 127.0.0.1 - - [09/Feb/2025 10:38:54] "[36mGET /?__debugger__=yes&cmd=resource&f=debugger.js HTTP/1.1[0m" 304 -
[INFO] 2025-02-09 10:38:54: 127.0.0.1 - - [09/Feb/2025 10:38:54] "GET /?__debugger__=yes&cmd=resource&f=console.png&s=vY9rOnK5j2mEwuj5ccUc HTTP/1.1" 200 -
[INFO] 2025-02-09 10:40:11: [31m[1mWARNING: This is a development server. Do not use it in a production deployment. Use a production WSGI server instead.[0m
 * Running on http://127.0.0.1:5000
[INFO] 2025-02-09 10:40:11: [33mPress CTRL+C to quit[0m
[INFO] 2025-02-09 10:40:11:  * Restarting with stat
[WARNING] 2025-02-09 10:40:13:  * Debugger is active!
[INFO] 2025-02-09 10:40:13:  * Debugger PIN: 787-252-502
[INFO] 2025-02-09 10:40:13: 127.0.0.1 - - [09/Feb/2025 10:40:13] "[35m[1mGET / HTTP/1.1[0m" 500 -
[INFO] 2025-02-09 10:40:13: 127.0.0.1 - - [09/Feb/2025 10:40:13] "[36mGET /?__debugger__=yes&cmd=resource&f=style.css HTTP/1.1[0m" 304 -
[INFO] 2025-02-09 10:40:13: 127.0.0.1 - - [09/Feb/2025 10:40:13] "[36mGET /?__debugger__=yes&cmd=resource&f=debugger.js HTTP/1.1[0m" 304 -
[INFO] 2025-02-09 10:40:13: 127.0.0.1 - - [09/Feb/2025 10:40:13] "GET /?__debugger__=yes&cmd=resource&f=console.png&s=tSkkUyAYuZt3ZNGrArkC HTTP/1.1" 200 -
[INFO] 2025-02-09 10:40:47: [31m[1mWARNING: This is a development server. Do not use it in a production deployment. Use a production WSGI server instead.[0m
 * Running on http://127.0.0.1:5000
[INFO] 2025-02-09 10:40:47: [33mPress CTRL+C to quit[0m
[INFO] 2025-02-09 10:40:47:  * Restarting with stat
[WARNING] 2025-02-09 10:40:48:  * Debugger is active!
[INFO] 2025-02-09 10:40:48:  * Debugger PIN: 787-252-502
[INFO] 2025-02-09 10:40:49: 127.0.0.1 - - [09/Feb/2025 10:40:49] "[35m[1mGET / HTTP/1.1[0m" 500 -
[INFO] 2025-02-09 10:40:49: 127.0.0.1 - - [09/Feb/2025 10:40:49] "[36mGET /?__debugger__=yes&cmd=resource&f=debugger.js HTTP/1.1[0m" 304 -
[INFO] 2025-02-09 10:40:49: 127.0.0.1 - - [09/Feb/2025 10:40:49] "[36mGET /?__debugger__=yes&cmd=resource&f=style.css HTTP/1.1[0m" 304 -
[INFO] 2025-02-09 10:40:49: 127.0.0.1 - - [09/Feb/2025 10:40:49] "GET /?__debugger__=yes&cmd=resource&f=console.png&s=3QuJFl1alppc6ggKPXBX HTTP/1.1" 200 -
[INFO] 2025-02-09 10:42:12: [31m[1mWARNING: This is a development server. Do not use it in a production deployment. Use a production WSGI server instead.[0m
 * Running on http://127.0.0.1:5000
[INFO] 2025-02-09 10:42:12: [33mPress CTRL+C to quit[0m
[INFO] 2025-02-09 10:42:12:  * Restarting with stat
[WARNING] 2025-02-09 10:42:13:  * Debugger is active!
[INFO] 2025-02-09 10:42:13:  * Debugger PIN: 787-252-502
[INFO] 2025-02-09 10:42:13: 127.0.0.1 - - [09/Feb/2025 10:42:13] "[35m[1mGET / HTTP/1.1[0m" 500 -
[INFO] 2025-02-09 10:42:14: 127.0.0.1 - - [09/Feb/2025 10:42:14] "[36mGET /?__debugger__=yes&cmd=resource&f=style.css HTTP/1.1[0m" 304 -
[INFO] 2025-02-09 10:42:14: 127.0.0.1 - - [09/Feb/2025 10:42:14] "[36mGET /?__debugger__=yes&cmd=resource&f=debugger.js HTTP/1.1[0m" 304 -
[INFO] 2025-02-09 10:42:14: 127.0.0.1 - - [09/Feb/2025 10:42:14] "GET /?__debugger__=yes&cmd=resource&f=console.png&s=3hePZwCSf7F8Rbq3KVml HTTP/1.1" 200 -
[INFO] 2025-02-09 10:43:14: [31m[1mWARNING: This is a development server. Do not use it in a production deployment. Use a production WSGI server instead.[0m
 * Running on http://127.0.0.1:5000
[INFO] 2025-02-09 10:43:14: [33mPress CTRL+C to quit[0m
[INFO] 2025-02-09 10:43:14:  * Restarting with stat
[WARNING] 2025-02-09 10:43:15:  * Debugger is active!
[INFO] 2025-02-09 10:43:15:  * Debugger PIN: 787-252-502
[INFO] 2025-02-09 10:43:15: 127.0.0.1 - - [09/Feb/2025 10:43:15] "GET / HTTP/1.1" 200 -
[INFO] 2025-02-09 10:43:16: 127.0.0.1 - - [09/Feb/2025 10:43:16] "[33mGET /favicon.ico HTTP/1.1[0m" 404 -
[INFO] 2025-02-11 09:27:46: [31m[1mWARNING: This is a development server. Do not use it in a production deployment. Use a production WSGI server instead.[0m
 * Running on http://127.0.0.1:5000
[INFO] 2025-02-11 09:27:46: [33mPress CTRL+C to quit[0m
[INFO] 2025-02-11 09:27:46:  * Restarting with stat
[WARNING] 2025-02-11 09:27:47:  * Debugger is active!
[INFO] 2025-02-11 09:27:47:  * Debugger PIN: 787-252-502
[INFO] 2025-02-11 09:27:50: 127.0.0.1 - - [11/Feb/2025 09:27:50] "GET / HTTP/1.1" 200 -
[INFO] 2025-02-11 09:27:50: 127.0.0.1 - - [11/Feb/2025 09:27:50] "[33mGET /favicon.ico HTTP/1.1[0m" 404 -
[INFO] 2025-02-11 09:28:17: 127.0.0.1 - - [11/Feb/2025 09:28:17] "[32mPOST / HTTP/1.1[0m" 302 -
[INFO] 2025-02-11 09:28:17: ุจุฏุฃ ุงูุฒุญู ุจุงุณุชุฎุฏุงู ุงูุงุณุชุฑุงุชูุฌูุฉ: BFS
[INFO] 2025-02-11 09:28:17: 127.0.0.1 - - [11/Feb/2025 09:28:17] "GET / HTTP/1.1" 200 -
[INFO] 2025-02-11 09:28:18: ุชู ุชุตุฏูุฑ ุงููุชุงุฆุฌ ุจูุฌุงุญ ุฅูู results.csv ู results.json
[INFO] 2025-02-11 09:28:18: ุงูุชูู ุงูุฒุญู. ุชูุช ุฒูุงุฑุฉ 152 ุฑุงุจุท.
[INFO] 2025-04-03 18:09:31: [31m[1mWARNING: This is a development server. Do not use it in a production deployment. Use a production WSGI server instead.[0m
 * Running on http://127.0.0.1:5000
[INFO] 2025-04-03 18:09:31: [33mPress CTRL+C to quit[0m
[INFO] 2025-04-03 18:09:31:  * Restarting with stat
[WARNING] 2025-04-03 18:09:32:  * Debugger is active!
[INFO] 2025-04-03 18:09:32:  * Debugger PIN: 787-252-502
[INFO] 2025-04-03 18:09:34: 127.0.0.1 - - [03/Apr/2025 18:09:34] "GET / HTTP/1.1" 200 -
[INFO] 2025-04-03 18:09:40: 127.0.0.1 - - [03/Apr/2025 18:09:40] "[33mGET /favicon.ico HTTP/1.1[0m" 404 -
